connect.multipart() will be removed in connect 3.0
visit https://github.com/senchalabs/connect/wiki/Connect-3.0 for alternatives
connect.limit() will be removed in connect 3.0
Express server listening on port 18080
[90mGET / [32m200 [90m22ms - 889b[0m
[90mGET /css/common.css [32m200 [90m17ms - 1.89kb[0m
[90mGET /scripts/sea-modules/seajs/seajs/2.2.1/sea-debug.js [32m200 [90m16ms - 20.2kb[0m
[90mGET /scripts/sea-modules/seajs/seajs-text/1.0.2/seajs-text.js [32m200 [90m16ms - 1.96kb[0m
[90mGET /scripts/common/sea-config.js [32m200 [90m15ms - 626b[0m
[90mGET /scripts/sea-modules/gallery/bootstrap/3.0.0/bootstrap.css [32m200 [90m74ms - 94.58kb[0m
[90mGET /scripts/common/main.js [32m200 [90m2ms - 1.49kb[0m
[90mGET /scripts/sea-modules/gallery/bootstrap/3.0.0/bootstrap.js [32m200 [90m5ms - 26.89kb[0m
[90mGET /scripts/sea-modules/jquery/jquery/1.9.1/jquery.js [32m200 [90m216ms - 90.49kb[0m
[90mGET /scripts/sea-modules/gallery/backbone/1.1.2/backbone-debug.js [32m200 [90m383ms - 71.94kb[0m
[90mGET /scripts/sea-modules/gallery/underscore/1.6.0/underscore-debug.js [32m200 [90m5ms - 53.08kb[0m
[90mGET /scripts/modules/index/src/index.js [32m200 [90m5ms - 773b[0m
[90mGET /scripts/modules/carousel/src/carousel.js [32m200 [90m9ms - 1.12kb[0m
[90mGET /scripts/modules/ioption/src/ioption.js [32m200 [90m8ms - 529b[0m
[90mGET /scripts/modules/nav/src/nav.js [32m200 [90m7ms - 1.26kb[0m
[90mGET /scripts/modules/iplist/src/iplist.js [32m200 [90m7ms - 1kb[0m
[90mGET /views/ioption.tpl [32m200 [90m12ms - 222b[0m
[90mGET /views/carousel.tpl [32m200 [90m11ms - 744b[0m
[90mGET /views/nav.tpl [32m200 [90m10ms - 883b[0m
[90mGET /views/iplist.tpl [32m200 [90m9ms - 449b[0m
INFO pool mongoPool - dispense() clients=1 available=0
VERBOSE pool mongoPool - createResource() - creating obj - count=1 min=0 max=100
INFO pool mongoPool - dispense() clients=2 available=0
VERBOSE pool mongoPool - createResource() - creating obj - count=2 min=0 max=100
INFO pool mongoPool - dispense() clients=3 available=0
VERBOSE pool mongoPool - createResource() - creating obj - count=3 min=0 max=100
[90mGET /scripts/sea-modules/gallery/bootstrap/3.0.0/fonts/glyphicons-halflings-regular.woff [32m200 [90m12ms - 0b[0m
VERBOSE pool mongoPool - timeout: 1402051556065
INFO pool mongoPool - dispense() clients=2 available=1
VERBOSE pool mongoPool - dispense() - reusing obj
[90mGET /data/plist/getRec [32m200 [90m50ms - 3.3kb[0m
VERBOSE pool mongoPool - timeout: 1402051556069
INFO pool mongoPool - dispense() clients=1 available=1
VERBOSE pool mongoPool - dispense() - reusing obj
[90mGET /data/carousel [32m200 [90m42ms - 259b[0m
VERBOSE pool mongoPool - timeout: 1402051556071
INFO pool mongoPool - dispense() clients=0 available=1
VERBOSE pool mongoPool - timeout: 1402051556071
INFO pool mongoPool - dispense() clients=0 available=2
[90mGET /data/nav [32m200 [90m32ms - 325b[0m
VERBOSE pool mongoPool - timeout: 1402051556073
INFO pool mongoPool - dispense() clients=0 available=3
[90mGET /scripts/sea-modules/gallery/bootstrap/3.0.0/fonts/glyphicons-halflings-regular.ttf [32m200 [90m5ms - 0b[0m
[90mGET /images/pimg.jpg [32m200 [90m2ms - 8.93kb[0m
[90mGET /images/pp2.jpg [32m200 [90m6ms - 58.87kb[0m
[90mGET /images/pp1.jpg [32m200 [90m5ms - 52.4kb[0m
[90mGET /images/pp3.jpg [32m200 [90m5ms - 47.38kb[0m
[90mGET /images/logo.png [32m200 [90m2ms - 2.82kb[0m
[90mGET /scripts/sea-modules/gallery/bootstrap/3.0.0/fonts/glyphicons-halflings-regular.svg [32m200 [90m2ms - 61.38kb[0m
VERBOSE pool mongoPool - availableObjects.length=3
VERBOSE pool mongoPool - availableObjects.length=3
VERBOSE pool mongoPool - availableObjects.length=3
VERBOSE pool mongoPool - removeIdle() destroying obj - now:1402051557071 timeout:1402051556071
VERBOSE pool mongoPool - removeIdle() destroying obj - now:1402051557071 timeout:1402051556071
VERBOSE pool mongoPool - removeIdle() destroying obj - now:1402051557071 timeout:1402051556073
VERBOSE pool mongoPool - removeIdle() all objects removed
[90mGET / [33m404 [90m15ms[0m
[90mGET / [33m404 [90m2ms[0m
[90mGET / [33m404 [90m3ms[0m
[90mGET / [33m404 [90m1ms[0m
[90mGET / [33m404 [90m2ms[0m
[90mGET / [33m404 [90m1ms[0m
[90mGET /cms [33m404 [90m2ms[0m
[90mGET /cms [33m404 [90m1ms[0m
[90mGET /cms [33m404 [90m1ms[0m
[90mGET / [33m404 [90m0ms[0m
[90mGET / [33m404 [90m1ms[0m
[90mGET / [33m404 [90m1ms[0m
[90mGET / [33m404 [90m0ms[0m
[90mGET / [33m404 [90m2ms[0m
connect.multipart() will be removed in connect 3.0
visit https://github.com/senchalabs/connect/wiki/Connect-3.0 for alternatives
connect.limit() will be removed in connect 3.0
Express server listening on port 18080
2014-06-06T18:58:28.669+0800 [initandlisten] MongoDB starting : pid=13562 port=27017 dbpath=/usr/local/mongodb-linux-x86_64-2.6.1/myapp/ 64-bit host=AY140606113736969d5bZ
2014-06-06T18:58:28.669+0800 [initandlisten] db version v2.6.1
2014-06-06T18:58:28.669+0800 [initandlisten] git version: 4b95b086d2374bdcfcdf2249272fb552c9c726e8
2014-06-06T18:58:28.669+0800 [initandlisten] build info: Linux build14.nj1.10gen.cc 2.6.32-431.3.1.el6.x86_64 #1 SMP Fri Jan 3 21:39:27 UTC 2014 x86_64 BOOST_LIB_VERSION=1_49
2014-06-06T18:58:28.669+0800 [initandlisten] allocator: tcmalloc
2014-06-06T18:58:28.669+0800 [initandlisten] options: { storage: { dbPath: "/usr/local/mongodb-linux-x86_64-2.6.1/myapp/" } }
2014-06-06T18:58:28.682+0800 [initandlisten] exception in initAndListen: 10310 Unable to lock file: /usr/local/mongodb-linux-x86_64-2.6.1/myapp/mongod.lock. Is a mongod instance already running?, terminating
2014-06-06T18:58:28.682+0800 [initandlisten] dbexit: 
2014-06-06T18:58:28.682+0800 [initandlisten] shutdown: going to close listening sockets...
2014-06-06T18:58:28.682+0800 [initandlisten] shutdown: going to flush diaglog...
2014-06-06T18:58:28.682+0800 [initandlisten] shutdown: going to close sockets...
2014-06-06T18:58:28.682+0800 [initandlisten] shutdown: waiting for fs preallocator...
2014-06-06T18:58:28.682+0800 [initandlisten] shutdown: lock for final commit...
2014-06-06T18:58:28.682+0800 [initandlisten] shutdown: final commit...
2014-06-06T18:58:28.682+0800 [initandlisten] shutdown: closing all files...
2014-06-06T18:58:28.682+0800 [initandlisten] closeAllFiles() finished
2014-06-06T18:58:28.682+0800 [initandlisten] dbexit: really exiting now
[90mGET / [32m200 [90m23ms - 889b[0m
[90mGET /css/common.css [32m200 [90m12ms - 1.89kb[0m
[90mGET /scripts/sea-modules/seajs/seajs-text/1.0.2/seajs-text.js [32m200 [90m12ms - 1.96kb[0m
[90mGET /scripts/sea-modules/seajs/seajs/2.2.1/sea-debug.js [32m200 [90m12ms - 20.2kb[0m
[90mGET /scripts/common/sea-config.js [32m200 [90m5ms - 626b[0m
[90mGET /scripts/sea-modules/gallery/bootstrap/3.0.0/bootstrap.css [32m200 [90m22ms - 94.58kb[0m
[90mGET /scripts/common/main.js [32m200 [90m2ms - 1.49kb[0m
[90mGET /scripts/sea-modules/gallery/bootstrap/3.0.0/bootstrap.js [32m200 [90m6ms - 26.89kb[0m
[90mGET /scripts/sea-modules/gallery/backbone/1.1.2/backbone-debug.js [32m200 [90m5ms - 71.94kb[0m
[90mGET /scripts/sea-modules/jquery/jquery/1.9.1/jquery.js [32m200 [90m90ms - 90.49kb[0m
[90mGET /scripts/sea-modules/gallery/underscore/1.6.0/underscore-debug.js [32m200 [90m5ms - 53.08kb[0m
[90mGET /scripts/modules/index/src/index.js [32m200 [90m5ms - 773b[0m
[90mGET /scripts/modules/nav/src/nav.js [32m200 [90m3ms - 1.26kb[0m
[90mGET /scripts/modules/ioption/src/ioption.js [32m200 [90m24ms - 529b[0m
[90mGET /scripts/modules/carousel/src/carousel.js [32m200 [90m23ms - 1.12kb[0m
[90mGET /scripts/modules/iplist/src/iplist.js [32m200 [90m23ms - 1kb[0m
[90mGET /views/nav.tpl [32m200 [90m2ms - 883b[0m
[90mGET /views/ioption.tpl [32m200 [90m3ms - 222b[0m
[90mGET /views/carousel.tpl [32m200 [90m4ms - 744b[0m
[90mGET /views/iplist.tpl [32m200 [90m3ms - 449b[0m
INFO pool mongoPool - dispense() clients=1 available=0
VERBOSE pool mongoPool - createResource() - creating obj - count=1 min=0 max=100
INFO pool mongoPool - dispense() clients=2 available=0
VERBOSE pool mongoPool - createResource() - creating obj - count=2 min=0 max=100
INFO pool mongoPool - dispense() clients=3 available=0
VERBOSE pool mongoPool - createResource() - creating obj - count=3 min=0 max=100
[90mGET /scripts/sea-modules/gallery/bootstrap/3.0.0/fonts/glyphicons-halflings-regular.woff [32m200 [90m14ms - 0b[0m
VERBOSE pool mongoPool - timeout: 1402052325811
INFO pool mongoPool - dispense() clients=2 available=1
VERBOSE pool mongoPool - dispense() - reusing obj
[90mGET /data/nav [32m200 [90m47ms - 325b[0m
VERBOSE pool mongoPool - timeout: 1402052325815
INFO pool mongoPool - dispense() clients=1 available=1
VERBOSE pool mongoPool - dispense() - reusing obj
[90mGET /data/plist/getRec [32m200 [90m28ms - 3.3kb[0m
VERBOSE pool mongoPool - timeout: 1402052325817
INFO pool mongoPool - dispense() clients=0 available=1
[90mGET /data/carousel [32m200 [90m25ms - 259b[0m
VERBOSE pool mongoPool - timeout: 1402052325819
INFO pool mongoPool - dispense() clients=0 available=2
VERBOSE pool mongoPool - timeout: 1402052325820
INFO pool mongoPool - dispense() clients=0 available=3
[90mGET /scripts/sea-modules/gallery/bootstrap/3.0.0/fonts/glyphicons-halflings-regular.ttf [32m200 [90m3ms - 0b[0m
[90mGET /images/logo.png [32m200 [90m2ms - 2.82kb[0m
[90mGET /images/pimg.jpg [32m200 [90m5ms - 8.93kb[0m
[90mGET /images/pp1.jpg [32m200 [90m5ms - 52.4kb[0m
[90mGET /images/pp2.jpg [32m200 [90m5ms - 58.87kb[0m
[90mGET /images/pp3.jpg [32m200 [90m5ms - 47.38kb[0m
[90mGET /scripts/sea-modules/gallery/bootstrap/3.0.0/fonts/glyphicons-halflings-regular.svg [32m200 [90m1ms - 61.38kb[0m
VERBOSE pool mongoPool - availableObjects.length=3
VERBOSE pool mongoPool - availableObjects.length=3
VERBOSE pool mongoPool - removeIdle() destroying obj - now:1402052325818 timeout:1402052325817
VERBOSE pool mongoPool - availableObjects.length=2
VERBOSE pool mongoPool - removeIdle() destroying obj - now:1402052326819 timeout:1402052325819
VERBOSE pool mongoPool - removeIdle() destroying obj - now:1402052326819 timeout:1402052325820
VERBOSE pool mongoPool - removeIdle() all objects removed
[90mGET /cms [32m200 [90m8ms - 1.49kb[0m
[90mGET /css/cms.css [32m200 [90m12ms - 1.4kb[0m
[90mGET /images/logo.png [32m200 [90m10ms - 2.82kb[0m
[90mGET /scripts/sea-modules/gallery/bootstrap/3.0.0/bootstrap.css [32m200 [90m13ms - 94.58kb[0m
[90mGET /scripts/cms/comcms.js [32m200 [90m9ms - 402b[0m
[90mGET /scripts/sea-modules/jquery/jquery/1.9.1/jquery-debug.js [32m200 [90m1559ms - 262.1kb[0m
[90mGET /cms/logout [36m302 [90m4ms - 76b[0m
[90mGET /cms/login [32m200 [90m6ms - 2.24kb[0m
[90mGET /css/cms.css [32m200 [90m10ms - 1.4kb[0m
[90mGET /images/logo.png [32m200 [90m10ms - 2.82kb[0m
[90mGET /scripts/cms/comcms.js [32m200 [90m10ms - 402b[0m
[90mGET /scripts/sea-modules/gallery/bootstrap/3.0.0/bootstrap.css [32m200 [90m12ms - 94.58kb[0m
[90mGET /scripts/sea-modules/jquery/jquery/1.9.1/jquery-debug.js [32m200 [90m1219ms - 262.1kb[0m
[90mGET /cms/login [32m200 [90m4ms - 2.18kb[0m
[90mGET /css/cms.css [36m304 [90m5ms[0m
[90mGET /scripts/sea-modules/gallery/bootstrap/3.0.0/bootstrap.css [36m304 [90m8ms[0m
[90mGET /images/logo.png [36m304 [90m8ms[0m
[90mGET /scripts/cms/comcms.js [36m304 [90m7ms[0m
[90mGET /scripts/sea-modules/jquery/jquery/1.9.1/jquery-debug.js [36m304 [90m7ms[0m
[90mGET /cms/login [36m304 [90m7ms[0m
[90mGET /css/cms.css [36m304 [90m8ms[0m
[90mGET /scripts/sea-modules/gallery/bootstrap/3.0.0/bootstrap.css [36m304 [90m7ms[0m
[90mGET /images/logo.png [36m304 [90m8ms[0m
[90mGET /scripts/cms/comcms.js [36m304 [90m7ms[0m
[90mGET /scripts/sea-modules/jquery/jquery/1.9.1/jquery-debug.js [36m304 [90m9ms[0m
[90mGET /cms/login [36m304 [90m4ms[0m
[90mGET /scripts/cms/comcms.js [36m304 [90m9ms[0m
[90mGET /scripts/sea-modules/gallery/bootstrap/3.0.0/bootstrap.css [36m304 [90m10ms[0m
[90mGET /images/logo.png [36m304 [90m9ms[0m
[90mGET /scripts/sea-modules/jquery/jquery/1.9.1/jquery-debug.js [36m304 [90m8ms[0m
[90mGET /css/cms.css [36m304 [90m12ms[0m
[90mGET /cms/login [36m304 [90m3ms[0m
[90mGET /css/cms.css [36m304 [90m7ms[0m
[90mGET /scripts/sea-modules/gallery/bootstrap/3.0.0/bootstrap.css [36m304 [90m10ms[0m
[90mGET /images/logo.png [36m304 [90m11ms[0m
[90mGET /scripts/sea-modules/jquery/jquery/1.9.1/jquery-debug.js [36m304 [90m11ms[0m
[90mGET /scripts/cms/comcms.js [36m304 [90m9ms[0m
[90mGET /cms/login [36m304 [90m3ms[0m
[90mGET /scripts/sea-modules/gallery/bootstrap/3.0.0/bootstrap.css [36m304 [90m6ms[0m
[90mGET /css/cms.css [36m304 [90m6ms[0m
[90mGET /images/logo.png [36m304 [90m5ms[0m
[90mGET /scripts/sea-modules/jquery/jquery/1.9.1/jquery-debug.js [36m304 [90m8ms[0m
[90mGET /scripts/cms/comcms.js [36m304 [90m5ms[0m
[90mGET /cms/login [36m304 [90m4ms[0m
[90mGET /scripts/sea-modules/gallery/bootstrap/3.0.0/bootstrap.css [36m304 [90m8ms[0m
[90mGET /images/logo.png [36m304 [90m7ms[0m
[90mGET /scripts/cms/comcms.js [36m304 [90m7ms[0m
[90mGET /scripts/sea-modules/jquery/jquery/1.9.1/jquery-debug.js [36m304 [90m7ms[0m
[90mGET /css/cms.css [36m304 [90m10ms[0m
[90mGET /cms [36m304 [90m4ms[0m
[90mGET /images/logo.png [36m304 [90m7ms[0m
[90mGET /scripts/sea-modules/jquery/jquery/1.9.1/jquery-debug.js [36m304 [90m6ms[0m
[90mGET /scripts/cms/comcms.js [36m304 [90m7ms[0m
[90mGET /css/cms.css [36m304 [90m9ms[0m
[90mGET /scripts/sea-modules/gallery/bootstrap/3.0.0/bootstrap.css [36m304 [90m8ms[0m
[90mGET /cms/ifr/picplayer [32m200 [90m2ms - 34b[0m
[90mGET / [32m200 [90m25ms - 889b[0m
[90mGET /css/common.css [32m200 [90m14ms - 1.89kb[0m
[90mGET /scripts/sea-modules/gallery/bootstrap/3.0.0/bootstrap.css [32m200 [90m15ms - 94.58kb[0m
[90mGET /scripts/sea-modules/seajs/seajs/2.2.1/sea-debug.js [32m200 [90m7ms - 20.2kb[0m
[90mGET /scripts/common/sea-config.js [32m200 [90m27ms - 626b[0m
[90mGET /scripts/sea-modules/seajs/seajs-text/1.0.2/seajs-text.js [32m200 [90m34ms - 1.96kb[0m
[90mGET /scripts/common/main.js [32m200 [90m5ms - 1.49kb[0m
[90mGET /scripts/sea-modules/gallery/bootstrap/3.0.0/bootstrap.js [32m200 [90m15ms - 26.89kb[0m
[90mGET /scripts/sea-modules/gallery/backbone/1.1.2/backbone-debug.js [32m200 [90m20ms - 71.94kb[0m
[90mGET /scripts/sea-modules/jquery/jquery/1.9.1/jquery.js [32m200 [90m301ms - 90.49kb[0m
[90mGET /scripts/sea-modules/gallery/underscore/1.6.0/underscore-debug.js [32m200 [90m19ms - 53.08kb[0m
[90mGET /scripts/modules/index/src/index.js [32m200 [90m5ms - 773b[0m
[90mGET /scripts/modules/nav/src/nav.js [32m200 [90m5ms - 1.26kb[0m
[90mGET /scripts/modules/iplist/src/iplist.js [32m200 [90m5ms - 1kb[0m
[90mGET /scripts/modules/ioption/src/ioption.js [32m200 [90m6ms - 529b[0m
[90mGET /scripts/modules/carousel/src/carousel.js [32m200 [90m7ms - 1.12kb[0m
[90mGET /views/nav.tpl [32m200 [90m4ms - 883b[0m
[90mGET /views/carousel.tpl [32m200 [90m4ms - 744b[0m
[90mGET /views/iplist.tpl [32m200 [90m6ms - 449b[0m
[90mGET /views/ioption.tpl [32m200 [90m6ms - 222b[0m
INFO pool mongoPool - dispense() clients=1 available=0
VERBOSE pool mongoPool - createResource() - creating obj - count=1 min=0 max=100
VERBOSE pool mongoPool - timeout: 1402279211212
INFO pool mongoPool - dispense() clients=0 available=1
[90mGET /data/nav [32m200 [90m6ms - 325b[0m
INFO pool mongoPool - dispense() clients=1 available=1
VERBOSE pool mongoPool - dispense() - reusing obj
INFO pool mongoPool - dispense() clients=1 available=0
VERBOSE pool mongoPool - createResource() - creating obj - count=2 min=0 max=100
VERBOSE pool mongoPool - timeout: 1402279211224
INFO pool mongoPool - dispense() clients=1 available=1
VERBOSE pool mongoPool - dispense() - reusing obj
[90mGET /data/plist/getRec [32m200 [90m6ms - 3.3kb[0m
VERBOSE pool mongoPool - timeout: 1402279211228
INFO pool mongoPool - dispense() clients=0 available=1
[90mGET /data/carousel [32m200 [90m10ms - 259b[0m
[90mGET /scripts/sea-modules/gallery/bootstrap/3.0.0/fonts/glyphicons-halflings-regular.woff [32m200 [90m7ms - 0b[0m
VERBOSE pool mongoPool - timeout: 1402279211233
INFO pool mongoPool - dispense() clients=0 available=2
[90mGET /images/logo.png [32m200 [90m2ms - 2.82kb[0m
[90mGET /images/pimg.jpg [32m200 [90m11ms - 8.93kb[0m
[90mGET /images/pp2.jpg [32m200 [90m12ms - 58.87kb[0m
[90mGET /images/pp3.jpg [32m200 [90m14ms - 47.38kb[0m
[90mGET /images/pp1.jpg [32m200 [90m14ms - 52.4kb[0m
[90mGET /scripts/sea-modules/gallery/bootstrap/3.0.0/fonts/glyphicons-halflings-regular.ttf [32m200 [90m1ms - 0b[0m
[90mGET /scripts/sea-modules/gallery/bootstrap/3.0.0/fonts/glyphicons-halflings-regular.svg [32m200 [90m4ms - 61.38kb[0m
VERBOSE pool mongoPool - availableObjects.length=2
VERBOSE pool mongoPool - availableObjects.length=2
VERBOSE pool mongoPool - availableObjects.length=2
VERBOSE pool mongoPool - removeIdle() destroying obj - now:1402279212216 timeout:1402279211228
VERBOSE pool mongoPool - removeIdle() destroying obj - now:1402279212216 timeout:1402279211233
VERBOSE pool mongoPool - removeIdle() all objects removed
[90mGET /cms [36m302 [90m7ms - 76b[0m
[90mGET /cms/login [32m200 [90m5ms - 2.24kb[0m
[90mGET /css/cms.css [32m200 [90m4ms - 1.4kb[0m
[90mGET /images/logo.png [36m304 [90m5ms[0m
[90mGET /scripts/sea-modules/gallery/bootstrap/3.0.0/bootstrap.css [36m304 [90m3ms[0m
[90mGET /scripts/cms/comcms.js [32m200 [90m6ms - 402b[0m
[90mGET /scripts/sea-modules/jquery/jquery/1.9.1/jquery-debug.js [32m200 [90m835ms - 262.1kb[0m
[90mGET / [32m200 [90m3ms - 889b[0m
[90mGET /css/common.css [32m200 [90m9ms - 1.89kb[0m
[90mGET /scripts/sea-modules/seajs/seajs/2.2.1/sea-debug.js [32m200 [90m9ms - 20.2kb[0m
[90mGET /scripts/sea-modules/seajs/seajs-text/1.0.2/seajs-text.js [32m200 [90m9ms - 1.96kb[0m
[90mGET /scripts/common/sea-config.js [32m200 [90m8ms - 626b[0m
[90mGET /scripts/sea-modules/gallery/bootstrap/3.0.0/bootstrap.css [32m200 [90m61ms - 94.58kb[0m
[90mGET /scripts/common/main.js [32m200 [90m12ms - 1.49kb[0m
[90mGET /scripts/sea-modules/gallery/bootstrap/3.0.0/bootstrap.js [32m200 [90m5ms - 26.89kb[0m
[90mGET /scripts/sea-modules/gallery/backbone/1.1.2/backbone-debug.js [32m200 [90m17ms - 71.94kb[0m
[90mGET /scripts/sea-modules/jquery/jquery/1.9.1/jquery.js [32m200 [90m290ms - 90.49kb[0m
[90mGET /scripts/sea-modules/gallery/underscore/1.6.0/underscore-debug.js [32m200 [90m2ms - 53.08kb[0m
[90mGET / [32m200 [90m2ms - 889b[0m
[90mGET /scripts/sea-modules/seajs/seajs-text/1.0.2/seajs-text.js [32m200 [90m10ms - 1.96kb[0m
[90mGET /scripts/sea-modules/seajs/seajs/2.2.1/sea-debug.js [32m200 [90m9ms - 20.2kb[0m
[90mGET /css/common.css [32m200 [90m8ms - 1.89kb[0m
[90mGET /scripts/common/sea-config.js [32m200 [90m7ms - 626b[0m
[90mGET /scripts/sea-modules/gallery/bootstrap/3.0.0/bootstrap.css [32m200 [90m12ms - 94.58kb[0m
[90mGET /scripts/common/main.js [32m200 [90m2ms - 1.49kb[0m
[90mGET /scripts/sea-modules/gallery/bootstrap/3.0.0/bootstrap.js [32m200 [90m6ms - 26.89kb[0m
[90mGET /scripts/sea-modules/gallery/backbone/1.1.2/backbone-debug.js [32m200 [90m6ms - 71.94kb[0m
[90mGET /scripts/sea-modules/jquery/jquery/1.9.1/jquery.js [32m200 [90m199ms - 90.49kb[0m
[90mGET /scripts/sea-modules/gallery/underscore/1.6.0/underscore-debug.js [32m200 [90m2ms - 53.08kb[0m
[90mGET /scripts/modules/index/src/index.js [32m200 [90m3ms - 773b[0m
[90mGET /scripts/modules/nav/src/nav.js [32m200 [90m6ms - 1.26kb[0m
[90mGET /scripts/modules/carousel/src/carousel.js [32m200 [90m5ms - 1.12kb[0m
[90mGET /scripts/modules/ioption/src/ioption.js [32m200 [90m5ms - 529b[0m
[90mGET /scripts/modules/iplist/src/iplist.js [32m200 [90m5ms - 1kb[0m
[90mGET /views/nav.tpl [32m200 [90m3ms - 883b[0m
[90mGET /views/carousel.tpl [32m200 [90m3ms - 744b[0m
[90mGET /views/iplist.tpl [32m200 [90m27ms - 449b[0m
[90mGET /views/ioption.tpl [32m200 [90m27ms - 222b[0m
INFO pool mongoPool - dispense() clients=1 available=0
VERBOSE pool mongoPool - createResource() - creating obj - count=1 min=0 max=100
VERBOSE pool mongoPool - timeout: 1402304581869
INFO pool mongoPool - dispense() clients=0 available=1
[90mGET /data/carousel [32m200 [90m7ms - 259b[0m
INFO pool mongoPool - dispense() clients=1 available=1
VERBOSE pool mongoPool - dispense() - reusing obj
VERBOSE pool mongoPool - timeout: 1402304581872
INFO pool mongoPool - dispense() clients=0 available=1
[90mGET /data/nav [32m200 [90m2ms - 325b[0m
[90mGET /images/pp2.jpg [32m200 [90m5ms - 58.87kb[0m
[90mGET /images/pp3.jpg [32m200 [90m5ms - 47.38kb[0m
[90mGET /images/pp1.jpg [32m200 [90m6ms - 52.4kb[0m
[90mGET /images/logo.png [32m200 [90m4ms - 2.82kb[0m
[90mGET /scripts/sea-modules/gallery/bootstrap/3.0.0/fonts/glyphicons-halflings-regular.woff [32m200 [90m4ms - 0b[0m
INFO pool mongoPool - dispense() clients=1 available=1
VERBOSE pool mongoPool - dispense() - reusing obj
VERBOSE pool mongoPool - timeout: 1402304581915
INFO pool mongoPool - dispense() clients=0 available=1
[90mGET /data/plist/getRec [32m200 [90m3ms - 3.3kb[0m
[90mGET /scripts/sea-modules/gallery/bootstrap/3.0.0/fonts/glyphicons-halflings-regular.ttf [32m200 [90m3ms - 0b[0m
[90mGET /images/pimg.jpg [32m200 [90m3ms - 8.93kb[0m
[90mGET /scripts/sea-modules/gallery/bootstrap/3.0.0/fonts/glyphicons-halflings-regular.svg [32m200 [90m2ms - 61.38kb[0m
VERBOSE pool mongoPool - availableObjects.length=1
VERBOSE pool mongoPool - availableObjects.length=1
VERBOSE pool mongoPool - availableObjects.length=1
VERBOSE pool mongoPool - removeIdle() destroying obj - now:1402304582871 timeout:1402304581915
VERBOSE pool mongoPool - removeIdle() all objects removed
[90mGET / [32m200 [90m3ms - 889b[0m
[90mGET /css/common.css [32m200 [90m21ms - 1.89kb[0m
[90mGET /scripts/common/sea-config.js [32m200 [90m20ms - 626b[0m
[90mGET /scripts/sea-modules/seajs/seajs/2.2.1/sea-debug.js [32m200 [90m19ms - 20.2kb[0m
[90mGET /scripts/sea-modules/seajs/seajs-text/1.0.2/seajs-text.js [32m200 [90m18ms - 1.96kb[0m
[90mGET /scripts/sea-modules/gallery/bootstrap/3.0.0/bootstrap.css [32m200 [90m20ms - 94.58kb[0m
[90mGET /scripts/common/main.js [32m200 [90m4ms - 1.49kb[0m
[90mGET /scripts/sea-modules/gallery/bootstrap/3.0.0/bootstrap.js [32m200 [90m6ms - 26.89kb[0m
[90mGET /scripts/sea-modules/jquery/jquery/1.9.1/jquery.js [32m200 [90m7ms - 90.49kb[0m
[90mGET /scripts/sea-modules/gallery/backbone/1.1.2/backbone-debug.js [32m200 [90m7ms - 71.94kb[0m
[90mGET /scripts/sea-modules/gallery/underscore/1.6.0/underscore-debug.js [32m200 [90m3ms - 53.08kb[0m
[90mGET /scripts/modules/index/src/index.js [32m200 [90m3ms - 773b[0m
[90mGET /scripts/modules/nav/src/nav.js [32m200 [90m5ms - 1.26kb[0m
[90mGET /scripts/modules/carousel/src/carousel.js [32m200 [90m4ms - 1.12kb[0m
[90mGET /scripts/modules/iplist/src/iplist.js [32m200 [90m4ms - 1kb[0m
[90mGET /scripts/modules/ioption/src/ioption.js [32m200 [90m4ms - 529b[0m
[90mGET /views/nav.tpl [32m200 [90m3ms - 883b[0m
[90mGET /views/iplist.tpl [32m200 [90m3ms - 449b[0m
[90mGET /views/carousel.tpl [32m200 [90m4ms - 744b[0m
[90mGET /views/ioption.tpl [32m200 [90m3ms - 222b[0m
INFO pool mongoPool - dispense() clients=1 available=0
VERBOSE pool mongoPool - createResource() - creating obj - count=1 min=0 max=100
INFO pool mongoPool - dispense() clients=2 available=0
VERBOSE pool mongoPool - createResource() - creating obj - count=2 min=0 max=100
INFO pool mongoPool - dispense() clients=3 available=0
VERBOSE pool mongoPool - createResource() - creating obj - count=3 min=0 max=100
[90mGET /scripts/sea-modules/gallery/bootstrap/3.0.0/fonts/glyphicons-halflings-regular.woff [32m200 [90m6ms - 0b[0m
VERBOSE pool mongoPool - timeout: 1402304590993
INFO pool mongoPool - dispense() clients=2 available=1
VERBOSE pool mongoPool - dispense() - reusing obj
[90mGET /data/nav [32m200 [90m21ms - 325b[0m
VERBOSE pool mongoPool - timeout: 1402304590996
INFO pool mongoPool - dispense() clients=1 available=1
VERBOSE pool mongoPool - dispense() - reusing obj
VERBOSE pool mongoPool - timeout: 1402304590996
INFO pool mongoPool - dispense() clients=0 available=1
[90mGET /data/carousel [32m200 [90m21ms - 259b[0m
VERBOSE pool mongoPool - timeout: 1402304590998
INFO pool mongoPool - dispense() clients=0 available=2
[90mGET /data/plist/getRec [32m200 [90m16ms - 3.3kb[0m
VERBOSE pool mongoPool - timeout: 1402304591000
INFO pool mongoPool - dispense() clients=0 available=3
[90mGET /scripts/sea-modules/gallery/bootstrap/3.0.0/fonts/glyphicons-halflings-regular.ttf [32m200 [90m1ms - 0b[0m
[90mGET /images/logo.png [32m200 [90m2ms - 2.82kb[0m
[90mGET /images/pp3.jpg [32m200 [90m11ms - 47.38kb[0m
[90mGET /images/pp1.jpg [32m200 [90m11ms - 52.4kb[0m
[90mGET /images/pp2.jpg [32m200 [90m12ms - 58.87kb[0m
[90mGET /images/pimg.jpg [32m200 [90m2ms - 8.93kb[0m
[90mGET /scripts/sea-modules/gallery/bootstrap/3.0.0/fonts/glyphicons-halflings-regular.svg [32m200 [90m3ms - 61.38kb[0m
VERBOSE pool mongoPool - availableObjects.length=3
VERBOSE pool mongoPool - availableObjects.length=3
VERBOSE pool mongoPool - removeIdle() destroying obj - now:1402304590997 timeout:1402304590996
VERBOSE pool mongoPool - availableObjects.length=2
[90mGET / [32m200 [90m3ms - 889b[0m
VERBOSE pool mongoPool - removeIdle() destroying obj - now:1402304591997 timeout:1402304590998
VERBOSE pool mongoPool - removeIdle() destroying obj - now:1402304591997 timeout:1402304591000
VERBOSE pool mongoPool - removeIdle() all objects removed
[90mGET /css/common.css [32m200 [90m10ms - 1.89kb[0m
[90mGET /scripts/sea-modules/seajs/seajs/2.2.1/sea-debug.js [32m200 [90m10ms - 20.2kb[0m
[90mGET /scripts/sea-modules/gallery/bootstrap/3.0.0/bootstrap.css [32m200 [90m11ms - 94.58kb[0m
[90mGET /scripts/sea-modules/seajs/seajs-text/1.0.2/seajs-text.js [32m200 [90m9ms - 1.96kb[0m
[90mGET /scripts/common/sea-config.js [32m200 [90m8ms - 626b[0m
[90mGET /scripts/common/main.js [32m200 [90m3ms - 1.49kb[0m
[90mGET /scripts/sea-modules/gallery/bootstrap/3.0.0/bootstrap.js [32m200 [90m7ms - 26.89kb[0m
[90mGET /scripts/sea-modules/jquery/jquery/1.9.1/jquery.js [32m200 [90m8ms - 90.49kb[0m
[90mGET /scripts/sea-modules/gallery/backbone/1.1.2/backbone-debug.js [32m200 [90m8ms - 71.94kb[0m
[90mGET /scripts/sea-modules/gallery/underscore/1.6.0/underscore-debug.js [32m200 [90m2ms - 53.08kb[0m
[90mGET /scripts/modules/index/src/index.js [32m200 [90m3ms - 773b[0m
[90mGET /scripts/modules/carousel/src/carousel.js [32m200 [90m8ms - 1.12kb[0m
[90mGET /scripts/modules/nav/src/nav.js [32m200 [90m7ms - 1.26kb[0m
[90mGET /scripts/modules/ioption/src/ioption.js [32m200 [90m7ms - 529b[0m
[90mGET /scripts/modules/iplist/src/iplist.js [32m200 [90m7ms - 1kb[0m
[90mGET /views/nav.tpl [32m200 [90m2ms - 883b[0m
[90mGET /views/ioption.tpl [32m200 [90m4ms - 222b[0m
[90mGET /views/carousel.tpl [32m200 [90m6ms - 744b[0m
[90mGET /views/iplist.tpl [32m200 [90m3ms - 449b[0m
INFO pool mongoPool - dispense() clients=1 available=0
VERBOSE pool mongoPool - createResource() - creating obj - count=1 min=0 max=100
[90mGET /scripts/sea-modules/gallery/bootstrap/3.0.0/fonts/glyphicons-halflings-regular.woff [32m200 [90m7ms - 0b[0m
INFO pool mongoPool - dispense() clients=2 available=0
VERBOSE pool mongoPool - createResource() - creating obj - count=2 min=0 max=100
INFO pool mongoPool - dispense() clients=3 available=0
VERBOSE pool mongoPool - createResource() - creating obj - count=3 min=0 max=100
VERBOSE pool mongoPool - timeout: 1402304598341
INFO pool mongoPool - dispense() clients=2 available=1
VERBOSE pool mongoPool - dispense() - reusing obj
[90mGET /data/carousel [32m200 [90m21ms - 259b[0m
VERBOSE pool mongoPool - timeout: 1402304598343
INFO pool mongoPool - dispense() clients=1 available=1
VERBOSE pool mongoPool - dispense() - reusing obj
VERBOSE pool mongoPool - timeout: 1402304598344
INFO pool mongoPool - dispense() clients=0 available=1
[90mGET /data/nav [32m200 [90m18ms - 325b[0m
VERBOSE pool mongoPool - timeout: 1402304598346
INFO pool mongoPool - dispense() clients=0 available=2
[90mGET /data/plist/getRec [32m200 [90m16ms - 3.3kb[0m
[90mGET /scripts/sea-modules/gallery/bootstrap/3.0.0/fonts/glyphicons-halflings-regular.ttf [32m200 [90m5ms - 0b[0m
VERBOSE pool mongoPool - timeout: 1402304598351
INFO pool mongoPool - dispense() clients=0 available=3
[90mGET /images/pp3.jpg [32m200 [90m6ms - 47.38kb[0m
[90mGET /images/pp1.jpg [32m200 [90m6ms - 52.4kb[0m
[90mGET /images/pp2.jpg [32m200 [90m6ms - 58.87kb[0m
[90mGET /images/logo.png [32m200 [90m4ms - 2.82kb[0m
[90mGET /images/pimg.jpg [32m200 [90m3ms - 8.93kb[0m
[90mGET /scripts/sea-modules/gallery/bootstrap/3.0.0/fonts/glyphicons-halflings-regular.svg [32m200 [90m1ms - 61.38kb[0m
VERBOSE pool mongoPool - availableObjects.length=3
VERBOSE pool mongoPool - availableObjects.length=3
VERBOSE pool mongoPool - availableObjects.length=3
[90mGET / [32m200 [90m2ms - 889b[0m
[90mGET /scripts/sea-modules/seajs/seajs-text/1.0.2/seajs-text.js [32m200 [90m8ms - 1.96kb[0m
[90mGET /scripts/common/sea-config.js [32m200 [90m8ms - 626b[0m
[90mGET /scripts/sea-modules/seajs/seajs/2.2.1/sea-debug.js [32m200 [90m7ms - 20.2kb[0m
[90mGET /css/common.css [32m200 [90m7ms - 1.89kb[0m
[90mGET /scripts/sea-modules/gallery/bootstrap/3.0.0/bootstrap.css [32m200 [90m8ms - 94.58kb[0m
VERBOSE pool mongoPool - removeIdle() destroying obj - now:1402304599345 timeout:1402304598344
VERBOSE pool mongoPool - removeIdle() destroying obj - now:1402304599345 timeout:1402304598346
VERBOSE pool mongoPool - removeIdle() destroying obj - now:1402304599345 timeout:1402304598351
VERBOSE pool mongoPool - removeIdle() all objects removed
[90mGET /scripts/common/main.js [32m200 [90m2ms - 1.49kb[0m
[90mGET /scripts/sea-modules/gallery/bootstrap/3.0.0/bootstrap.js [32m200 [90m4ms - 26.89kb[0m
[90mGET /scripts/sea-modules/gallery/backbone/1.1.2/backbone-debug.js [32m200 [90m5ms - 71.94kb[0m
[90mGET /scripts/sea-modules/jquery/jquery/1.9.1/jquery.js [32m200 [90m5ms - 90.49kb[0m
[90mGET /cms [36m302 [90m4ms - 76b[0m
[90mGET /cms/login [36m304 [90m3ms[0m
[90mGET /scripts/sea-modules/gallery/bootstrap/3.0.0/bootstrap.css [36m304 [90m6ms[0m
[90mGET /scripts/sea-modules/jquery/jquery/1.9.1/jquery-debug.js [36m304 [90m5ms[0m
[90mGET /css/cms.css [36m304 [90m5ms[0m
[90mGET /images/logo.png [36m304 [90m7ms[0m
[90mGET /scripts/cms/comcms.js [36m304 [90m6ms[0m
[90mGET / [32m200 [90m2ms - 889b[0m
[90mGET /css/common.css [36m304 [90m6ms[0m
[90mGET /scripts/sea-modules/gallery/bootstrap/3.0.0/bootstrap.css [36m304 [90m5ms[0m
[90mGET /scripts/sea-modules/seajs/seajs/2.2.1/sea-debug.js [36m304 [90m5ms[0m
[90mGET /scripts/common/sea-config.js [36m304 [90m6ms[0m
[90mGET /scripts/sea-modules/seajs/seajs-text/1.0.2/seajs-text.js [36m304 [90m5ms[0m
[90mGET /scripts/common/main.js [36m304 [90m2ms[0m
[90mGET /scripts/sea-modules/gallery/backbone/1.1.2/backbone-debug.js [32m206 [90m5ms - 1b[0m
[90mGET /scripts/sea-modules/gallery/bootstrap/3.0.0/bootstrap.js [32m200 [90m6ms - 26.89kb[0m
[90mGET /scripts/sea-modules/gallery/backbone/1.1.2/backbone-debug.js [32m206 [90m2ms - 61.77kb[0m
[90mGET /scripts/sea-modules/jquery/jquery/1.9.1/jquery.js [32m200 [90m124ms - 90.49kb[0m
[90mGET /scripts/sea-modules/gallery/underscore/1.6.0/underscore-debug.js [36m304 [90m2ms[0m
[90mGET /scripts/modules/index/src/index.js [36m304 [90m1ms[0m
[90mGET /scripts/modules/nav/src/nav.js [36m304 [90m5ms[0m
[90mGET /scripts/modules/carousel/src/carousel.js [36m304 [90m5ms[0m
[90mGET /scripts/modules/iplist/src/iplist.js [36m304 [90m5ms[0m
[90mGET /scripts/modules/ioption/src/ioption.js [36m304 [90m5ms[0m
[90mGET /views/ioption.tpl [36m304 [90m3ms[0m
[90mGET /views/nav.tpl [36m304 [90m4ms[0m
[90mGET /views/carousel.tpl [36m304 [90m4ms[0m
[90mGET /views/iplist.tpl [36m304 [90m5ms[0m
INFO pool mongoPool - dispense() clients=1 available=0
VERBOSE pool mongoPool - createResource() - creating obj - count=1 min=0 max=100
INFO pool mongoPool - dispense() clients=2 available=0
VERBOSE pool mongoPool - createResource() - creating obj - count=2 min=0 max=100
INFO pool mongoPool - dispense() clients=3 available=0
VERBOSE pool mongoPool - createResource() - creating obj - count=3 min=0 max=100
[90mGET /scripts/sea-modules/gallery/bootstrap/3.0.0/fonts/glyphicons-halflings-regular.woff [36m304 [90m4ms[0m
VERBOSE pool mongoPool - timeout: 1402306866741
INFO pool mongoPool - dispense() clients=2 available=1
VERBOSE pool mongoPool - dispense() - reusing obj
[90mGET /data/carousel [32m200 [90m18ms - 259b[0m
VERBOSE pool mongoPool - timeout: 1402306866744
INFO pool mongoPool - dispense() clients=0 available=1
VERBOSE pool mongoPool - timeout: 1402306866744
INFO pool mongoPool - dispense() clients=0 available=2
VERBOSE pool mongoPool - timeout: 1402306866745
INFO pool mongoPool - dispense() clients=0 available=3
[90mGET /data/nav [32m200 [90m21ms - 325b[0m
[90mGET /data/plist/getRec [36m304 [90m17ms[0m
[90mGET /scripts/sea-modules/gallery/bootstrap/3.0.0/fonts/glyphicons-halflings-regular.ttf [36m304 [90m0ms[0m
[90mGET /images/pp2.jpg [36m304 [90m4ms[0m
[90mGET /images/pp1.jpg [36m304 [90m4ms[0m
[90mGET /images/pp3.jpg [36m304 [90m4ms[0m
[90mGET /images/logo.png [36m304 [90m2ms[0m
[90mGET /images/pimg.jpg [36m304 [90m1ms[0m
[90mGET /scripts/sea-modules/gallery/bootstrap/3.0.0/fonts/glyphicons-halflings-regular.svg [36m304 [90m2ms[0m
VERBOSE pool mongoPool - availableObjects.length=3
VERBOSE pool mongoPool - availableObjects.length=3
VERBOSE pool mongoPool - removeIdle() destroying obj - now:1402306866745 timeout:1402306866744
VERBOSE pool mongoPool - removeIdle() destroying obj - now:1402306866745 timeout:1402306866744
VERBOSE pool mongoPool - removeIdle() destroying obj - now:1402306866745 timeout:1402306866745
VERBOSE pool mongoPool - removeIdle() all objects removed
[90mGET /cms [36m302 [90m3ms - 76b[0m
[90mGET /cms/login [36m304 [90m3ms[0m
[90mGET /css/cms.css [36m304 [90m5ms[0m
[90mGET /scripts/cms/comcms.js [36m304 [90m6ms[0m
[90mGET /scripts/sea-modules/jquery/jquery/1.9.1/jquery-debug.js [36m304 [90m5ms[0m
[90mGET /images/logo.png [36m304 [90m5ms[0m
[90mGET /scripts/sea-modules/gallery/bootstrap/3.0.0/bootstrap.css [36m304 [90m6ms[0m
[90mGET / [32m200 [90m2ms - 889b[0m
[90mGET /scripts/sea-modules/seajs/seajs-text/1.0.2/seajs-text.js [36m304 [90m5ms[0m
[90mGET /css/common.css [36m304 [90m4ms[0m
[90mGET /scripts/sea-modules/seajs/seajs/2.2.1/sea-debug.js [36m304 [90m5ms[0m
[90mGET /scripts/sea-modules/gallery/bootstrap/3.0.0/bootstrap.css [36m304 [90m6ms[0m
[90mGET /scripts/common/sea-config.js [36m304 [90m5ms[0m
[90mGET /scripts/common/main.js [36m304 [90m1ms[0m
[90mGET /scripts/sea-modules/jquery/jquery/1.9.1/jquery.js [36m304 [90m4ms[0m
[90mGET /scripts/sea-modules/gallery/bootstrap/3.0.0/bootstrap.js [36m304 [90m4ms[0m
[90mGET /scripts/sea-modules/gallery/backbone/1.1.2/backbone-debug.js [36m304 [90m3ms[0m
[90mGET /scripts/sea-modules/gallery/underscore/1.6.0/underscore-debug.js [36m304 [90m1ms[0m
[90mGET / [32m200 [90m2ms - 889b[0m
[90mGET /scripts/sea-modules/seajs/seajs/2.2.1/sea-debug.js [36m304 [90m6ms[0m
[90mGET /scripts/sea-modules/gallery/bootstrap/3.0.0/bootstrap.css [36m304 [90m6ms[0m
[90mGET /scripts/sea-modules/seajs/seajs-text/1.0.2/seajs-text.js [36m304 [90m5ms[0m
[90mGET /scripts/common/sea-config.js [36m304 [90m5ms[0m
[90mGET /css/common.css [36m304 [90m8ms[0m
[90mGET /scripts/common/main.js [36m304 [90m2ms[0m
[90mGET /scripts/sea-modules/gallery/bootstrap/3.0.0/bootstrap.js [36m304 [90m5ms[0m
[90mGET /scripts/sea-modules/jquery/jquery/1.9.1/jquery.js [36m304 [90m4ms[0m
[90mGET /scripts/sea-modules/gallery/backbone/1.1.2/backbone-debug.js [36m304 [90m3ms[0m
[90mGET /scripts/sea-modules/gallery/underscore/1.6.0/underscore-debug.js [36m304 [90m2ms[0m
[90mGET /scripts/modules/index/src/index.js [36m304 [90m2ms[0m
[90mGET /scripts/modules/nav/src/nav.js [36m304 [90m4ms[0m
[90mGET /scripts/modules/carousel/src/carousel.js [36m304 [90m4ms[0m
[90mGET /scripts/modules/ioption/src/ioption.js [36m304 [90m5ms[0m
[90mGET /scripts/modules/iplist/src/iplist.js [36m304 [90m6ms[0m
[90mGET /views/nav.tpl [36m304 [90m5ms[0m
[90mGET /views/ioption.tpl [36m304 [90m4ms[0m
[90mGET /views/carousel.tpl [36m304 [90m5ms[0m
[90mGET /views/iplist.tpl [36m304 [90m4ms[0m
INFO pool mongoPool - dispense() clients=1 available=0
VERBOSE pool mongoPool - createResource() - creating obj - count=1 min=0 max=100
INFO pool mongoPool - dispense() clients=2 available=0
VERBOSE pool mongoPool - createResource() - creating obj - count=2 min=0 max=100
INFO pool mongoPool - dispense() clients=3 available=0
VERBOSE pool mongoPool - createResource() - creating obj - count=3 min=0 max=100
[90mGET /scripts/sea-modules/gallery/bootstrap/3.0.0/fonts/glyphicons-halflings-regular.woff [36m304 [90m7ms[0m
VERBOSE pool mongoPool - timeout: 1402306892818
INFO pool mongoPool - dispense() clients=2 available=1
VERBOSE pool mongoPool - dispense() - reusing obj
[90mGET /data/nav [32m200 [90m18ms - 325b[0m
VERBOSE pool mongoPool - timeout: 1402306892822
INFO pool mongoPool - dispense() clients=0 available=1
VERBOSE pool mongoPool - timeout: 1402306892823
INFO pool mongoPool - dispense() clients=0 available=2
[90mGET /data/carousel [32m200 [90m18ms - 259b[0m
[90mGET /data/plist/getRec [36m304 [90m15ms[0m
VERBOSE pool mongoPool - timeout: 1402306892825
INFO pool mongoPool - dispense() clients=0 available=3
[90mGET /scripts/sea-modules/gallery/bootstrap/3.0.0/fonts/glyphicons-halflings-regular.ttf [36m304 [90m1ms[0m
[90mGET /images/logo.png [36m304 [90m1ms[0m
[90mGET /images/pimg.jpg [36m304 [90m2ms[0m
[90mGET /images/pp2.jpg [36m304 [90m3ms[0m
[90mGET /images/pp3.jpg [36m304 [90m3ms[0m
[90mGET /images/pp1.jpg [36m304 [90m3ms[0m
[90mGET /scripts/sea-modules/gallery/bootstrap/3.0.0/fonts/glyphicons-halflings-regular.svg [36m304 [90m1ms[0m
VERBOSE pool mongoPool - availableObjects.length=3
VERBOSE pool mongoPool - availableObjects.length=3
VERBOSE pool mongoPool - availableObjects.length=3
INFO pool mongoPool - dispense() clients=1 available=3
VERBOSE pool mongoPool - dispense() - reusing obj
VERBOSE pool mongoPool - timeout: 1402306896208
INFO pool mongoPool - dispense() clients=0 available=3
[90mGET /data/nav [32m200 [90m3ms - 325b[0m
INFO pool mongoPool - dispense() clients=1 available=3
VERBOSE pool mongoPool - dispense() - reusing obj
VERBOSE pool mongoPool - timeout: 1402306896211
INFO pool mongoPool - dispense() clients=0 available=3
[90mGET /data/carousel [32m200 [90m2ms - 259b[0m
INFO pool mongoPool - dispense() clients=1 available=3
VERBOSE pool mongoPool - dispense() - reusing obj
VERBOSE pool mongoPool - timeout: 1402306896213
INFO pool mongoPool - dispense() clients=0 available=3
[90mGET /data/plist/getRec [36m304 [90m2ms[0m
[90mGET /images/logo.png [36m304 [90m1ms[0m
[90mGET /images/pp1.jpg [36m304 [90m3ms[0m
[90mGET /images/pp2.jpg [36m304 [90m2ms[0m
[90mGET /images/pp3.jpg [36m304 [90m4ms[0m
[90mGET /images/pimg.jpg [36m304 [90m2ms[0m
VERBOSE pool mongoPool - availableObjects.length=3
VERBOSE pool mongoPool - availableObjects.length=3
VERBOSE pool mongoPool - availableObjects.length=3
VERBOSE pool mongoPool - removeIdle() destroying obj - now:1402306896828 timeout:1402306896208
VERBOSE pool mongoPool - removeIdle() destroying obj - now:1402306896828 timeout:1402306896211
VERBOSE pool mongoPool - removeIdle() destroying obj - now:1402306896828 timeout:1402306896213
VERBOSE pool mongoPool - removeIdle() all objects removed
[90mGET / [32m200 [90m2ms - 889b[0m
[90mGET /scripts/common/sea-config.js [36m304 [90m7ms[0m
[90mGET /css/common.css [36m304 [90m6ms[0m
[90mGET /scripts/sea-modules/gallery/bootstrap/3.0.0/bootstrap.css [36m304 [90m7ms[0m
[90mGET /scripts/sea-modules/seajs/seajs/2.2.1/sea-debug.js [36m304 [90m6ms[0m
[90mGET /scripts/sea-modules/seajs/seajs-text/1.0.2/seajs-text.js [36m304 [90m8ms[0m
[90mGET /scripts/common/main.js [36m304 [90m2ms[0m
[90mGET /scripts/sea-modules/gallery/bootstrap/3.0.0/bootstrap.js [36m304 [90m3ms[0m
[90mGET /scripts/sea-modules/jquery/jquery/1.9.1/jquery.js [36m304 [90m3ms[0m
[90mGET /scripts/sea-modules/gallery/backbone/1.1.2/backbone-debug.js [36m304 [90m2ms[0m
[90mGET /scripts/sea-modules/gallery/underscore/1.6.0/underscore-debug.js [36m304 [90m1ms[0m
[90mGET /scripts/modules/index/src/index.js [36m304 [90m2ms[0m
[90mGET /scripts/modules/nav/src/nav.js [36m304 [90m4ms[0m
[90mGET /scripts/modules/carousel/src/carousel.js [36m304 [90m4ms[0m
[90mGET /scripts/modules/ioption/src/ioption.js [36m304 [90m5ms[0m
[90mGET /scripts/modules/iplist/src/iplist.js [36m304 [90m6ms[0m
[90mGET /views/nav.tpl [36m304 [90m2ms[0m
[90mGET /views/carousel.tpl [36m304 [90m3ms[0m
[90mGET /views/ioption.tpl [36m304 [90m3ms[0m
[90mGET /views/iplist.tpl [36m304 [90m3ms[0m
INFO pool mongoPool - dispense() clients=1 available=0
VERBOSE pool mongoPool - createResource() - creating obj - count=1 min=0 max=100
INFO pool mongoPool - dispense() clients=2 available=0
VERBOSE pool mongoPool - createResource() - creating obj - count=2 min=0 max=100
INFO pool mongoPool - dispense() clients=3 available=0
VERBOSE pool mongoPool - createResource() - creating obj - count=3 min=0 max=100
VERBOSE pool mongoPool - timeout: 1402306935159
INFO pool mongoPool - dispense() clients=2 available=1
VERBOSE pool mongoPool - dispense() - reusing obj
[90mGET /data/nav [32m200 [90m11ms - 325b[0m
VERBOSE pool mongoPool - timeout: 1402306935162
INFO pool mongoPool - dispense() clients=1 available=1
VERBOSE pool mongoPool - dispense() - reusing obj
[90mGET /data/carousel [32m200 [90m11ms - 259b[0m
VERBOSE pool mongoPool - timeout: 1402306935165
INFO pool mongoPool - dispense() clients=0 available=1
[90mGET /scripts/sea-modules/gallery/bootstrap/3.0.0/fonts/glyphicons-halflings-regular.woff [36m304 [90m6ms[0m
[90mGET /data/plist/getRec [36m304 [90m8ms[0m
VERBOSE pool mongoPool - timeout: 1402306935169
INFO pool mongoPool - dispense() clients=0 available=2
VERBOSE pool mongoPool - timeout: 1402306935171
INFO pool mongoPool - dispense() clients=0 available=3
[90mGET /images/logo.png [36m304 [90m1ms[0m
[90mGET /images/pp1.jpg [36m304 [90m3ms[0m
[90mGET /images/pp2.jpg [36m304 [90m4ms[0m
[90mGET /images/pp3.jpg [36m304 [90m3ms[0m
[90mGET /images/pimg.jpg [36m304 [90m1ms[0m
[90mGET /scripts/sea-modules/gallery/bootstrap/3.0.0/fonts/glyphicons-halflings-regular.ttf [36m304 [90m1ms[0m
[90mGET /scripts/sea-modules/gallery/bootstrap/3.0.0/fonts/glyphicons-halflings-regular.svg [36m304 [90m1ms[0m
VERBOSE pool mongoPool - availableObjects.length=3
VERBOSE pool mongoPool - availableObjects.length=3
VERBOSE pool mongoPool - availableObjects.length=3
VERBOSE pool mongoPool - removeIdle() destroying obj - now:1402306936162 timeout:1402306935165
VERBOSE pool mongoPool - removeIdle() destroying obj - now:1402306936162 timeout:1402306935169
VERBOSE pool mongoPool - removeIdle() destroying obj - now:1402306936162 timeout:1402306935171
VERBOSE pool mongoPool - removeIdle() all objects removed
INFO pool mongoPool - dispense() clients=1 available=0
VERBOSE pool mongoPool - createResource() - creating obj - count=1 min=0 max=100
INFO pool mongoPool - dispense() clients=2 available=0
VERBOSE pool mongoPool - createResource() - creating obj - count=2 min=0 max=100
INFO pool mongoPool - dispense() clients=3 available=0
VERBOSE pool mongoPool - createResource() - creating obj - count=3 min=0 max=100
VERBOSE pool mongoPool - timeout: 1402306940210
INFO pool mongoPool - dispense() clients=2 available=1
VERBOSE pool mongoPool - dispense() - reusing obj
[90mGET /data/nav [32m200 [90m19ms - 325b[0m
VERBOSE pool mongoPool - timeout: 1402306940212
INFO pool mongoPool - dispense() clients=1 available=1
VERBOSE pool mongoPool - dispense() - reusing obj
[90mGET /data/carousel [32m200 [90m13ms - 259b[0m
VERBOSE pool mongoPool - timeout: 1402306940213
INFO pool mongoPool - dispense() clients=0 available=1
[90mGET /data/plist/getRec [36m304 [90m14ms[0m
VERBOSE pool mongoPool - timeout: 1402306940216
INFO pool mongoPool - dispense() clients=0 available=2
VERBOSE pool mongoPool - timeout: 1402306940216
INFO pool mongoPool - dispense() clients=0 available=3
[90mGET /images/logo.png [36m304 [90m1ms[0m
[90mGET /images/pp3.jpg [36m304 [90m3ms[0m
[90mGET /images/pp2.jpg [36m304 [90m4ms[0m
[90mGET /images/pp1.jpg [36m304 [90m3ms[0m
[90mGET /images/pimg.jpg [36m304 [90m1ms[0m
VERBOSE pool mongoPool - availableObjects.length=3
VERBOSE pool mongoPool - availableObjects.length=3
VERBOSE pool mongoPool - availableObjects.length=3
VERBOSE pool mongoPool - removeIdle() destroying obj - now:1402306941213 timeout:1402306940213
VERBOSE pool mongoPool - removeIdle() destroying obj - now:1402306941213 timeout:1402306940216
VERBOSE pool mongoPool - removeIdle() destroying obj - now:1402306941213 timeout:1402306940216
VERBOSE pool mongoPool - removeIdle() all objects removed
[90mGET / [32m200 [90m3ms - 889b[0m
[90mGET /scripts/sea-modules/seajs/seajs/2.2.1/sea-debug.js [32m200 [90m2ms - 20.2kb[0m
[90mGET /css/common.css [32m200 [90m2ms - 1.89kb[0m
[90mGET /scripts/common/sea-config.js [32m200 [90m3ms - 626b[0m
[90mGET /scripts/sea-modules/gallery/bootstrap/3.0.0/bootstrap.css [32m200 [90m454ms - 94.58kb[0m
[90mGET /scripts/sea-modules/seajs/seajs-text/1.0.2/seajs-text.js [32m200 [90m2ms - 1.96kb[0m
[90mGET /scripts/common/main.js [32m200 [90m2ms - 1.49kb[0m
[90mGET /scripts/sea-modules/gallery/bootstrap/3.0.0/bootstrap.js [32m200 [90m3ms - 26.89kb[0m
[90mGET /scripts/sea-modules/jquery/jquery/1.9.1/jquery.js [32m200 [90m464ms - 90.49kb[0m
[90mGET /scripts/sea-modules/gallery/backbone/1.1.2/backbone-debug.js [32m200 [90m554ms - 71.94kb[0m
[90mGET /scripts/sea-modules/gallery/underscore/1.6.0/underscore-debug.js [32m200 [90m2ms - 53.08kb[0m
[90mGET /scripts/modules/index/src/index.js [32m200 [90m3ms - 773b[0m
[90mGET /scripts/modules/ioption/src/ioption.js [32m200 [90m6ms - 529b[0m
[90mGET /scripts/modules/carousel/src/carousel.js [32m200 [90m1ms - 1.12kb[0m
[90mGET /scripts/modules/nav/src/nav.js [32m200 [90m1ms - 1.26kb[0m
[90mGET /scripts/modules/iplist/src/iplist.js [32m200 [90m2ms - 1kb[0m
[90mGET /views/ioption.tpl [32m200 [90m2ms - 222b[0m
[90mGET /views/iplist.tpl [32m200 [90m2ms - 449b[0m
[90mGET /views/carousel.tpl [32m200 [90m6ms - 744b[0m
[90mGET /views/nav.tpl [32m200 [90m12ms - 883b[0m
[90mGET /scripts/sea-modules/gallery/bootstrap/3.0.0/fonts/glyphicons-halflings-regular.woff [32m200 [90m2ms - 0b[0m
INFO pool mongoPool - dispense() clients=1 available=0
VERBOSE pool mongoPool - createResource() - creating obj - count=1 min=0 max=100
VERBOSE pool mongoPool - timeout: 1402467116893
INFO pool mongoPool - dispense() clients=0 available=1
[90mGET /data/plist/getRec [32m200 [90m7ms - 3.3kb[0m
INFO pool mongoPool - dispense() clients=1 available=1
VERBOSE pool mongoPool - dispense() - reusing obj
VERBOSE pool mongoPool - timeout: 1402467116964
INFO pool mongoPool - dispense() clients=0 available=1
[90mGET /data/carousel [32m200 [90m2ms - 259b[0m
INFO pool mongoPool - dispense() clients=1 available=1
VERBOSE pool mongoPool - dispense() - reusing obj
VERBOSE pool mongoPool - timeout: 1402467117066
INFO pool mongoPool - dispense() clients=0 available=1
[90mGET /data/nav [32m200 [90m2ms - 325b[0m
[90mGET /scripts/sea-modules/gallery/bootstrap/3.0.0/fonts/glyphicons-halflings-regular.ttf [32m200 [90m2ms - 0b[0m
[90mGET /images/pimg.jpg [32m200 [90m2ms - 8.93kb[0m
[90mGET /images/pp3.jpg [32m200 [90m1ms - 47.38kb[0m
[90mGET /images/pp1.jpg [32m200 [90m2ms - 52.4kb[0m
[90mGET /images/pp2.jpg [32m200 [90m2ms - 58.87kb[0m
[90mGET /images/logo.png [32m200 [90m3ms - 2.82kb[0m
VERBOSE pool mongoPool - availableObjects.length=1
VERBOSE pool mongoPool - availableObjects.length=1
VERBOSE pool mongoPool - availableObjects.length=1
[90mGET /scripts/sea-modules/gallery/bootstrap/3.0.0/fonts/glyphicons-halflings-regular.svg [32m200 [90m2ms - 61.38kb[0m
VERBOSE pool mongoPool - removeIdle() destroying obj - now:1402467117895 timeout:1402467117066
VERBOSE pool mongoPool - removeIdle() all objects removed
[90mGET / [32m200 [90m2ms - 889b[0m
[90mGET /scripts/sea-modules/seajs/seajs/2.2.1/sea-debug.js [36m304 [90m2ms[0m
[90mGET /scripts/sea-modules/gallery/bootstrap/3.0.0/bootstrap.css [36m304 [90m3ms[0m
[90mGET /css/common.css [36m304 [90m2ms[0m
[90mGET /scripts/common/sea-config.js [36m304 [90m2ms[0m
[90mGET /scripts/sea-modules/seajs/seajs-text/1.0.2/seajs-text.js [36m304 [90m2ms[0m
[90mGET /scripts/common/main.js [36m304 [90m2ms[0m
[90mGET /scripts/sea-modules/gallery/backbone/1.1.2/backbone-debug.js [36m304 [90m2ms[0m
[90mGET /scripts/sea-modules/jquery/jquery/1.9.1/jquery.js [36m304 [90m1ms[0m
[90mGET /scripts/sea-modules/gallery/bootstrap/3.0.0/bootstrap.js [36m304 [90m2ms[0m
[90mGET /scripts/sea-modules/gallery/underscore/1.6.0/underscore-debug.js [36m304 [90m2ms[0m
[90mGET /scripts/modules/index/src/index.js [36m304 [90m2ms[0m
[90mGET /scripts/modules/nav/src/nav.js [36m304 [90m2ms[0m
[90mGET /scripts/modules/ioption/src/ioption.js [36m304 [90m2ms[0m
[90mGET /scripts/modules/iplist/src/iplist.js [36m304 [90m2ms[0m
[90mGET /scripts/modules/carousel/src/carousel.js [36m304 [90m2ms[0m
[90mGET /views/nav.tpl [36m304 [90m2ms[0m
[90mGET /views/iplist.tpl [36m304 [90m2ms[0m
[90mGET /views/ioption.tpl [36m304 [90m1ms[0m
[90mGET /views/carousel.tpl [36m304 [90m2ms[0m
[90mGET /images/logo.png [36m304 [90m2ms[0m
[90mGET /scripts/sea-modules/gallery/bootstrap/3.0.0/fonts/glyphicons-halflings-regular.woff [36m304 [90m2ms[0m
[90mGET /images/pimg.jpg [36m304 [90m2ms[0m
[90mGET /images/pp2.jpg [36m304 [90m2ms[0m
[90mGET /images/pp1.jpg [36m304 [90m2ms[0m
[90mGET /scripts/sea-modules/gallery/bootstrap/3.0.0/fonts/glyphicons-halflings-regular.ttf [36m304 [90m2ms[0m
[90mGET /scripts/sea-modules/gallery/bootstrap/3.0.0/fonts/glyphicons-halflings-regular.svg [36m304 [90m2ms[0m
[90mGET /images/pp3.jpg [36m304 [90m2ms[0m
[90mGET / [32m200 [90m2ms - 889b[0m
[90mGET /scripts/sea-modules/seajs/seajs/2.2.1/sea-debug.js [36m304 [90m1ms[0m
[90mGET /css/common.css [36m304 [90m2ms[0m
[90mGET /scripts/sea-modules/gallery/bootstrap/3.0.0/bootstrap.css [36m304 [90m2ms[0m
[90mGET /scripts/common/sea-config.js [36m304 [90m1ms[0m
[90mGET /scripts/sea-modules/seajs/seajs-text/1.0.2/seajs-text.js [36m304 [90m2ms[0m
[90mGET /scripts/common/main.js [36m304 [90m2ms[0m
[90mGET /scripts/sea-modules/gallery/bootstrap/3.0.0/bootstrap.js [36m304 [90m3ms[0m
[90mGET /scripts/sea-modules/gallery/backbone/1.1.2/backbone-debug.js [36m304 [90m3ms[0m
[90mGET /scripts/sea-modules/gallery/underscore/1.6.0/underscore-debug.js [36m304 [90m3ms[0m
[90mGET /scripts/sea-modules/jquery/jquery/1.9.1/jquery.js [36m304 [90m2ms[0m
[90mGET /scripts/modules/index/src/index.js [36m304 [90m3ms[0m
[90mGET /scripts/modules/nav/src/nav.js [36m304 [90m2ms[0m
[90mGET /scripts/modules/ioption/src/ioption.js [36m304 [90m2ms[0m
[90mGET /scripts/modules/carousel/src/carousel.js [36m304 [90m2ms[0m
[90mGET /scripts/modules/iplist/src/iplist.js [36m304 [90m1ms[0m
[90mGET /views/nav.tpl [36m304 [90m2ms[0m
[90mGET /views/carousel.tpl [36m304 [90m2ms[0m
[90mGET /views/ioption.tpl [36m304 [90m2ms[0m
[90mGET /views/iplist.tpl [36m304 [90m1ms[0m
INFO pool mongoPool - dispense() clients=1 available=0
VERBOSE pool mongoPool - createResource() - creating obj - count=1 min=0 max=100
VERBOSE pool mongoPool - timeout: 1402467143894
INFO pool mongoPool - dispense() clients=0 available=1
[90mGET /data/nav [32m200 [90m6ms - 325b[0m
[90mGET /scripts/sea-modules/gallery/bootstrap/3.0.0/fonts/glyphicons-halflings-regular.woff [36m304 [90m2ms[0m
VERBOSE pool mongoPool - availableObjects.length=1
[90mGET /scripts/sea-modules/gallery/bootstrap/3.0.0/fonts/glyphicons-halflings-regular.ttf [36m304 [90m2ms[0m
[90mGET /scripts/sea-modules/gallery/bootstrap/3.0.0/fonts/glyphicons-halflings-regular.svg [36m304 [90m2ms[0m
VERBOSE pool mongoPool - availableObjects.length=1
VERBOSE pool mongoPool - removeIdle() destroying obj - now:1402467143895 timeout:1402467143894
VERBOSE pool mongoPool - removeIdle() all objects removed
INFO pool mongoPool - dispense() clients=1 available=0
VERBOSE pool mongoPool - createResource() - creating obj - count=1 min=0 max=100
VERBOSE pool mongoPool - timeout: 1402467149489
INFO pool mongoPool - dispense() clients=0 available=1
[90mGET /data/plist/getRec [36m304 [90m8ms[0m
VERBOSE pool mongoPool - availableObjects.length=1
VERBOSE pool mongoPool - availableObjects.length=1
VERBOSE pool mongoPool - removeIdle() destroying obj - now:1402467149492 timeout:1402467149489
VERBOSE pool mongoPool - removeIdle() all objects removed
[90mGET / [32m200 [90m2ms - 889b[0m
[90mGET /scripts/sea-modules/seajs/seajs/2.2.1/sea-debug.js [36m304 [90m2ms[0m
[90mGET /css/common.css [36m304 [90m4ms[0m
[90mGET /scripts/sea-modules/seajs/seajs-text/1.0.2/seajs-text.js [36m304 [90m1ms[0m
[90mGET /scripts/common/sea-config.js [36m304 [90m2ms[0m
[90mGET /scripts/sea-modules/gallery/bootstrap/3.0.0/bootstrap.css [36m304 [90m2ms[0m
[90mGET /scripts/common/main.js [36m304 [90m2ms[0m
[90mGET /scripts/sea-modules/gallery/bootstrap/3.0.0/bootstrap.js [36m304 [90m2ms[0m
[90mGET /scripts/sea-modules/gallery/backbone/1.1.2/backbone-debug.js [36m304 [90m1ms[0m
[90mGET /scripts/sea-modules/jquery/jquery/1.9.1/jquery.js [36m304 [90m2ms[0m
[90mGET /scripts/sea-modules/gallery/underscore/1.6.0/underscore-debug.js [36m304 [90m2ms[0m
[90mGET /scripts/modules/index/src/index.js [36m304 [90m6ms[0m
[90mGET /scripts/modules/nav/src/nav.js [36m304 [90m2ms[0m
[90mGET /scripts/modules/ioption/src/ioption.js [36m304 [90m2ms[0m
[90mGET /scripts/modules/carousel/src/carousel.js [36m304 [90m1ms[0m
[90mGET /views/nav.tpl [36m304 [90m2ms[0m
[90mGET /views/ioption.tpl [36m304 [90m3ms[0m
[90mGET /views/carousel.tpl [36m304 [90m2ms[0m
INFO pool mongoPool - dispense() clients=1 available=0
VERBOSE pool mongoPool - createResource() - creating obj - count=1 min=0 max=100
VERBOSE pool mongoPool - timeout: 1402467176837
INFO pool mongoPool - dispense() clients=0 available=1
[90mGET /data/nav [32m200 [90m6ms - 325b[0m
INFO pool mongoPool - dispense() clients=1 available=1
VERBOSE pool mongoPool - dispense() - reusing obj
VERBOSE pool mongoPool - timeout: 1402467177155
INFO pool mongoPool - dispense() clients=0 available=1
[90mGET /data/carousel [32m200 [90m3ms - 259b[0m
[90mGET /images/logo.png [36m304 [90m2ms[0m
[90mGET /scripts/sea-modules/gallery/bootstrap/3.0.0/fonts/glyphicons-halflings-regular.woff [36m304 [90m2ms[0m
[90mGET /scripts/modules/iplist/src/iplist.js [36m304 [90m2ms[0m
[90mGET /images/pp2.jpg [36m304 [90m2ms[0m
VERBOSE pool mongoPool - availableObjects.length=1
[90mGET /images/pp1.jpg [36m304 [90m2ms[0m
[90mGET /images/pp3.jpg [36m304 [90m2ms[0m
[90mGET /views/iplist.tpl [36m304 [90m2ms[0m
VERBOSE pool mongoPool - availableObjects.length=1
INFO pool mongoPool - dispense() clients=1 available=1
VERBOSE pool mongoPool - dispense() - reusing obj
VERBOSE pool mongoPool - timeout: 1402467179099
INFO pool mongoPool - dispense() clients=0 available=1
[90mGET /data/plist/getRec [36m304 [90m8ms[0m
[90mGET /scripts/sea-modules/gallery/bootstrap/3.0.0/fonts/glyphicons-halflings-regular.svg [36m304 [90m2ms[0m
[90mGET /cms [36m302 [90m2ms - 76b[0m
VERBOSE pool mongoPool - availableObjects.length=1
[90mGET /scripts/sea-modules/gallery/bootstrap/3.0.0/fonts/glyphicons-halflings-regular.ttf [36m304 [90m2ms[0m
[90mGET /cms/login [32m200 [90m3ms - 2.24kb[0m
VERBOSE pool mongoPool - availableObjects.length=1
[90mGET /images/logo.png [36m304 [90m2ms[0m
[90mGET /scripts/sea-modules/gallery/bootstrap/3.0.0/bootstrap.css [36m304 [90m1ms[0m
[90mGET /scripts/cms/comcms.js [32m200 [90m3ms - 402b[0m
[90mGET /css/cms.css [32m200 [90m1ms - 1.4kb[0m
VERBOSE pool mongoPool - availableObjects.length=1
[90mGET /scripts/sea-modules/jquery/jquery/1.9.1/jquery-debug.js [32m200 [90m1293ms - 262.1kb[0m
VERBOSE pool mongoPool - removeIdle() destroying obj - now:1402467179839 timeout:1402467179099
VERBOSE pool mongoPool - removeIdle() all objects removed
[90mGET /cms/login [32m200 [90m3ms - 2.18kb[0m
[90mGET /scripts/sea-modules/gallery/bootstrap/3.0.0/bootstrap.css [36m304 [90m2ms[0m
[90mGET /css/cms.css [36m304 [90m2ms[0m
[90mGET /scripts/sea-modules/jquery/jquery/1.9.1/jquery-debug.js [36m304 [90m2ms[0m
[90mGET /scripts/cms/comcms.js [36m304 [90m2ms[0m
[90mGET /images/logo.png [36m304 [90m3ms[0m
[90mGET /cms/login [36m304 [90m3ms[0m
[90mGET /css/cms.css [36m304 [90m2ms[0m
[90mGET /images/logo.png [36m304 [90m2ms[0m
[90mGET /scripts/sea-modules/gallery/bootstrap/3.0.0/bootstrap.css [36m304 [90m2ms[0m
[90mGET /scripts/sea-modules/jquery/jquery/1.9.1/jquery-debug.js [36m304 [90m1ms[0m
[90mGET /scripts/cms/comcms.js [36m304 [90m2ms[0m
[90mGET / [32m200 [90m44ms - 889b[0m
[90mGET /css/common.css [32m200 [90m2ms - 1.89kb[0m
[90mGET /scripts/sea-modules/seajs/seajs/2.2.1/sea-debug.js [32m200 [90m2ms - 20.2kb[0m
[90mGET /scripts/sea-modules/seajs/seajs-text/1.0.2/seajs-text.js [32m200 [90m2ms - 1.96kb[0m
[90mGET /scripts/sea-modules/gallery/bootstrap/3.0.0/bootstrap.css [32m200 [90m74ms - 94.58kb[0m
[90mGET /scripts/common/sea-config.js [32m200 [90m2ms - 626b[0m
[90mGET /scripts/common/main.js [32m200 [90m2ms - 1.49kb[0m
[90mGET /scripts/sea-modules/gallery/bootstrap/3.0.0/bootstrap.js [32m200 [90m4ms - 26.89kb[0m
[90mGET /scripts/sea-modules/gallery/backbone/1.1.2/backbone-debug.js [32m200 [90m4ms - 71.94kb[0m
[90mGET /scripts/sea-modules/jquery/jquery/1.9.1/jquery.js [32m200 [90m332ms - 90.49kb[0m
[90mGET /scripts/sea-modules/gallery/underscore/1.6.0/underscore-debug.js [32m200 [90m2ms - 53.08kb[0m
[90mGET /scripts/modules/index/src/index.js [32m200 [90m2ms - 773b[0m
[90mGET /scripts/modules/nav/src/nav.js [32m200 [90m5ms - 1.26kb[0m
[90mGET /scripts/modules/ioption/src/ioption.js [32m200 [90m4ms - 529b[0m
[90mGET /scripts/modules/iplist/src/iplist.js [32m200 [90m5ms - 1kb[0m
[90mGET /scripts/modules/carousel/src/carousel.js [32m200 [90m2ms - 1.12kb[0m
[90mGET /views/nav.tpl [32m200 [90m7ms - 883b[0m
[90mGET /views/iplist.tpl [32m200 [90m7ms - 449b[0m
[90mGET /views/ioption.tpl [32m200 [90m5ms - 222b[0m
[90mGET /views/carousel.tpl [32m200 [90m2ms - 744b[0m
INFO pool mongoPool - dispense() clients=1 available=0
VERBOSE pool mongoPool - createResource() - creating obj - count=1 min=0 max=100
INFO pool mongoPool - dispense() clients=2 available=0
VERBOSE pool mongoPool - createResource() - creating obj - count=2 min=0 max=100
INFO pool mongoPool - dispense() clients=3 available=0
VERBOSE pool mongoPool - createResource() - creating obj - count=3 min=0 max=100
VERBOSE pool mongoPool - timeout: 1402669303395
INFO pool mongoPool - dispense() clients=2 available=1
VERBOSE pool mongoPool - dispense() - reusing obj
[90mGET /data/nav [32m200 [90m12ms - 325b[0m
VERBOSE pool mongoPool - timeout: 1402669303397
INFO pool mongoPool - dispense() clients=1 available=1
VERBOSE pool mongoPool - dispense() - reusing obj
[90mGET /data/plist/getRec [32m200 [90m12ms - 3.3kb[0m
VERBOSE pool mongoPool - timeout: 1402669303399
INFO pool mongoPool - dispense() clients=0 available=1
[90mGET /data/carousel [32m200 [90m10ms - 259b[0m
VERBOSE pool mongoPool - timeout: 1402669303403
INFO pool mongoPool - dispense() clients=0 available=2
[90mGET /scripts/sea-modules/gallery/bootstrap/3.0.0/fonts/glyphicons-halflings-regular.woff [32m200 [90m4ms - 0b[0m
VERBOSE pool mongoPool - timeout: 1402669303405
INFO pool mongoPool - dispense() clients=0 available=3
[90mGET /images/logo.png [32m200 [90m1ms - 2.82kb[0m
[90mGET /images/pimg.jpg [32m200 [90m1ms - 8.93kb[0m
[90mGET /images/pp2.jpg [32m200 [90m5ms - 58.87kb[0m
[90mGET /images/pp1.jpg [32m200 [90m4ms - 52.4kb[0m
[90mGET /images/pp3.jpg [32m200 [90m4ms - 47.38kb[0m
[90mGET /scripts/sea-modules/gallery/bootstrap/3.0.0/fonts/glyphicons-halflings-regular.ttf [32m200 [90m2ms - 0b[0m
[90mGET /scripts/sea-modules/gallery/bootstrap/3.0.0/fonts/glyphicons-halflings-regular.svg [32m200 [90m2ms - 61.38kb[0m
VERBOSE pool mongoPool - availableObjects.length=3
VERBOSE pool mongoPool - availableObjects.length=3
VERBOSE pool mongoPool - removeIdle() destroying obj - now:1402669303419 timeout:1402669303399
VERBOSE pool mongoPool - removeIdle() destroying obj - now:1402669303419 timeout:1402669303403
VERBOSE pool mongoPool - removeIdle() destroying obj - now:1402669303419 timeout:1402669303405
VERBOSE pool mongoPool - removeIdle() all objects removed
[90mGET /cms/login [32m200 [90m7ms - 2.18kb[0m
[90mGET /scripts/sea-modules/gallery/bootstrap/3.0.0/bootstrap.css [36m304 [90m5ms[0m
[90mGET /images/logo.png [36m304 [90m4ms[0m
[90mGET /css/cms.css [32m200 [90m8ms - 1.4kb[0m
[90mGET /scripts/cms/comcms.js [32m200 [90m2ms - 402b[0m
[90mGET /scripts/sea-modules/jquery/jquery/1.9.1/jquery-debug.js [32m200 [90m1120ms - 262.1kb[0m
INFO pool mongoPool - dispense() clients=1 available=0
VERBOSE pool mongoPool - createResource() - creating obj - count=1 min=0 max=100
VERBOSE pool mongoPool - timeout: 1402669335922
INFO pool mongoPool - dispense() clients=0 available=1
[90mPOST /cms/login [36m302 [90m11ms - 76b[0m
[90mGET /cms/login [32m200 [90m3ms - 2.26kb[0m
[90mGET /scripts/sea-modules/gallery/bootstrap/3.0.0/bootstrap.css [36m304 [90m4ms[0m
[90mGET /images/logo.png [36m304 [90m7ms[0m
[90mGET /scripts/sea-modules/jquery/jquery/1.9.1/jquery-debug.js [36m304 [90m7ms[0m
[90mGET /scripts/cms/comcms.js [36m304 [90m6ms[0m
[90mGET /css/cms.css [36m304 [90m3ms[0m
VERBOSE pool mongoPool - availableObjects.length=1
VERBOSE pool mongoPool - availableObjects.length=1
VERBOSE pool mongoPool - removeIdle() destroying obj - now:1402669335924 timeout:1402669335922
VERBOSE pool mongoPool - removeIdle() all objects removed
INFO pool mongoPool - dispense() clients=1 available=0
VERBOSE pool mongoPool - createResource() - creating obj - count=1 min=0 max=100
VERBOSE pool mongoPool - timeout: 1402669344343
INFO pool mongoPool - dispense() clients=0 available=1
[90mPOST /cms/login [36m302 [90m7ms - 76b[0m
[90mGET /cms/login [32m200 [90m3ms - 2.26kb[0m
[90mGET /images/logo.png [36m304 [90m5ms[0m
[90mGET /scripts/sea-modules/gallery/bootstrap/3.0.0/bootstrap.css [36m304 [90m8ms[0m
[90mGET /scripts/sea-modules/jquery/jquery/1.9.1/jquery-debug.js [36m304 [90m8ms[0m
[90mGET /scripts/cms/comcms.js [36m304 [90m7ms[0m
[90mGET /css/cms.css [36m304 [90m5ms[0m
VERBOSE pool mongoPool - availableObjects.length=1
VERBOSE pool mongoPool - availableObjects.length=1
VERBOSE pool mongoPool - removeIdle() destroying obj - now:1402669344346 timeout:1402669344343
VERBOSE pool mongoPool - removeIdle() all objects removed
[90mGET /cms/login [32m200 [90m3ms - 2.18kb[0m
[90mGET /images/logo.png [36m304 [90m4ms[0m
[90mGET /css/cms.css [36m304 [90m5ms[0m
[90mGET /scripts/sea-modules/gallery/bootstrap/3.0.0/bootstrap.css [36m304 [90m6ms[0m
[90mGET /scripts/cms/comcms.js [36m304 [90m7ms[0m
[90mGET /scripts/sea-modules/jquery/jquery/1.9.1/jquery-debug.js [36m304 [90m7ms[0m
[90mGET /cms/reg [32m200 [90m25ms - 2.95kb[0m
[90mGET /scripts/sea-modules/gallery/bootstrap/3.0.0/bootstrap.css [36m304 [90m3ms[0m
[90mGET /scripts/sea-modules/jquery/jquery/1.9.1/jquery-debug.js [36m304 [90m5ms[0m
[90mGET /images/logo.png [36m304 [90m5ms[0m
[90mGET /scripts/cms/comcms.js [36m304 [90m4ms[0m
[90mGET /css/cms.css [36m304 [90m3ms[0m
INFO pool mongoPool - dispense() clients=1 available=0
VERBOSE pool mongoPool - createResource() - creating obj - count=1 min=0 max=100
INFO pool mongoPool - dispense() clients=1 available=0
VERBOSE pool mongoPool - createResource() - creating obj - count=2 min=0 max=100
VERBOSE pool mongoPool - timeout: 1402669364149
INFO pool mongoPool - dispense() clients=1 available=1
VERBOSE pool mongoPool - dispense() - reusing obj
VERBOSE pool mongoPool - timeout: 1402669364155
INFO pool mongoPool - dispense() clients=0 available=1
VERBOSE pool mongoPool - timeout: 1402669364197
INFO pool mongoPool - dispense() clients=0 available=2
[90mPOST /cms/reg [36m302 [90m57ms - 64b[0m
[90mGET /cms [36m302 [90m4ms - 76b[0m
[90mGET /cms/login [32m200 [90m5ms - 2.24kb[0m
[90mGET /css/cms.css [36m304 [90m5ms[0m
[90mGET /images/logo.png [36m304 [90m5ms[0m
[90mGET /scripts/sea-modules/jquery/jquery/1.9.1/jquery-debug.js [36m304 [90m6ms[0m
[90mGET /scripts/cms/comcms.js [36m304 [90m5ms[0m
[90mGET /scripts/sea-modules/gallery/bootstrap/3.0.0/bootstrap.css [36m304 [90m5ms[0m
VERBOSE pool mongoPool - availableObjects.length=2
VERBOSE pool mongoPool - availableObjects.length=2
VERBOSE pool mongoPool - removeIdle() destroying obj - now:1402669364163 timeout:1402669364155
VERBOSE pool mongoPool - availableObjects.length=1
VERBOSE pool mongoPool - removeIdle() destroying obj - now:1402669365164 timeout:1402669364197
VERBOSE pool mongoPool - removeIdle() all objects removed
[90mGET /cms/login [32m200 [90m4ms - 2.18kb[0m
[90mGET /css/cms.css [36m304 [90m4ms[0m
[90mGET /images/logo.png [36m304 [90m4ms[0m
[90mGET /scripts/cms/comcms.js [36m304 [90m4ms[0m
[90mGET /scripts/sea-modules/jquery/jquery/1.9.1/jquery-debug.js [36m304 [90m4ms[0m
[90mGET /scripts/sea-modules/gallery/bootstrap/3.0.0/bootstrap.css [36m304 [90m4ms[0m
INFO pool mongoPool - dispense() clients=1 available=0
VERBOSE pool mongoPool - createResource() - creating obj - count=1 min=0 max=100
VERBOSE pool mongoPool - timeout: 1402669373590
INFO pool mongoPool - dispense() clients=0 available=1
[90mPOST /cms/login [36m302 [90m8ms - 64b[0m
[90mGET /cms [32m200 [90m3ms - 1.55kb[0m
[90mGET /scripts/sea-modules/gallery/bootstrap/3.0.0/bootstrap.css [36m304 [90m3ms[0m
[90mGET /images/logo.png [36m304 [90m4ms[0m
[90mGET /scripts/sea-modules/jquery/jquery/1.9.1/jquery-debug.js [36m304 [90m4ms[0m
[90mGET /scripts/cms/comcms.js [36m304 [90m5ms[0m
[90mGET /css/cms.css [36m304 [90m4ms[0m
VERBOSE pool mongoPool - availableObjects.length=1
VERBOSE pool mongoPool - availableObjects.length=1
[90mGET /cms/ifr/picplayer [32m200 [90m4ms - 34b[0m
VERBOSE pool mongoPool - removeIdle() destroying obj - now:1402669373593 timeout:1402669373590
VERBOSE pool mongoPool - removeIdle() all objects removed
[90mGET /cms/ifr/rec [33m404 [90m7ms[0m
[90mGET /cms/ifr/picplayer [32m200 [90m3ms - 34b[0m
[90mGET /cms/ifr/rec [33m404 [90m3ms[0m
[90mGET /cms/ifr/picplayer [32m200 [90m3ms - 34b[0m
[90mGET / [32m200 [90m3ms - 889b[0m
[90mGET /css/common.css [32m200 [90m5ms - 1.89kb[0m
[90mGET /scripts/common/sea-config.js [32m200 [90m4ms - 626b[0m
[90mGET /scripts/sea-modules/seajs/seajs/2.2.1/sea-debug.js [32m200 [90m2ms - 20.2kb[0m
[90mGET /scripts/sea-modules/seajs/seajs-text/1.0.2/seajs-text.js [32m200 [90m5ms - 1.96kb[0m
[90mGET /scripts/sea-modules/gallery/bootstrap/3.0.0/bootstrap.css [32m200 [90m104ms - 94.58kb[0m
[90mGET /scripts/common/main.js [32m200 [90m3ms - 1.49kb[0m
[90mGET /scripts/sea-modules/gallery/backbone/1.1.2/backbone-debug.js [32m200 [90m15ms - 71.94kb[0m
[90mGET /scripts/sea-modules/gallery/bootstrap/3.0.0/bootstrap.js [32m200 [90m4ms - 26.89kb[0m
[90mGET /scripts/sea-modules/gallery/underscore/1.6.0/underscore-debug.js [32m200 [90m2ms - 53.08kb[0m
[90mGET /scripts/sea-modules/jquery/jquery/1.9.1/jquery.js [32m200 [90m402ms - 90.49kb[0m
[90mGET /scripts/modules/index/src/index.js [32m200 [90m3ms - 773b[0m
[90mGET /scripts/modules/nav/src/nav.js [32m200 [90m6ms - 1.26kb[0m
[90mGET /scripts/modules/iplist/src/iplist.js [32m200 [90m5ms - 1kb[0m
[90mGET /scripts/modules/ioption/src/ioption.js [32m200 [90m5ms - 529b[0m
[90mGET /scripts/modules/carousel/src/carousel.js [32m200 [90m4ms - 1.12kb[0m
[90mGET /views/nav.tpl [32m200 [90m5ms - 883b[0m
[90mGET /views/carousel.tpl [32m200 [90m5ms - 744b[0m
[90mGET /views/ioption.tpl [32m200 [90m5ms - 222b[0m
[90mGET /views/iplist.tpl [32m200 [90m4ms - 449b[0m
INFO pool mongoPool - dispense() clients=1 available=0
VERBOSE pool mongoPool - createResource() - creating obj - count=1 min=0 max=100
[90mGET /scripts/sea-modules/gallery/bootstrap/3.0.0/fonts/glyphicons-halflings-regular.woff [32m200 [90m6ms - 0b[0m
VERBOSE pool mongoPool - timeout: 1402972078445
INFO pool mongoPool - dispense() clients=0 available=1
[90mGET /data/carousel [32m200 [90m11ms - 259b[0m
INFO pool mongoPool - dispense() clients=1 available=1
VERBOSE pool mongoPool - dispense() - reusing obj
INFO pool mongoPool - dispense() clients=1 available=0
VERBOSE pool mongoPool - createResource() - creating obj - count=2 min=0 max=100
VERBOSE pool mongoPool - timeout: 1402972078458
INFO pool mongoPool - dispense() clients=1 available=1
VERBOSE pool mongoPool - dispense() - reusing obj
[90mGET /data/nav [32m200 [90m5ms - 325b[0m
VERBOSE pool mongoPool - timeout: 1402972078460
INFO pool mongoPool - dispense() clients=0 available=1
[90mGET /data/plist/getRec [32m200 [90m6ms - 3.3kb[0m
VERBOSE pool mongoPool - timeout: 1402972078465
INFO pool mongoPool - dispense() clients=0 available=2
[90mGET /scripts/sea-modules/gallery/bootstrap/3.0.0/fonts/glyphicons-halflings-regular.ttf [32m200 [90m4ms - 0b[0m
[90mGET /images/logo.png [32m200 [90m8ms - 2.82kb[0m
[90mGET /images/pp1.jpg [32m200 [90m8ms - 52.4kb[0m
[90mGET /images/pp2.jpg [32m200 [90m8ms - 58.87kb[0m
[90mGET /images/pimg.jpg [32m200 [90m8ms - 8.93kb[0m
[90mGET /scripts/sea-modules/gallery/bootstrap/3.0.0/fonts/glyphicons-halflings-regular.svg [32m200 [90m6ms - 61.38kb[0m
[90mGET /images/pp3.jpg [32m200 [90m4ms - 47.38kb[0m
VERBOSE pool mongoPool - availableObjects.length=2
VERBOSE pool mongoPool - availableObjects.length=2
VERBOSE pool mongoPool - availableObjects.length=2
VERBOSE pool mongoPool - removeIdle() destroying obj - now:1402972079453 timeout:1402972078460
VERBOSE pool mongoPool - removeIdle() destroying obj - now:1402972079453 timeout:1402972078465
VERBOSE pool mongoPool - removeIdle() all objects removed
[90mGET http://www.atmji.com/checkip.aspx [33m404 [90m3ms[0m
[90mGET http://www.data321.com/checkip.aspx [33m404 [90m3ms[0m
[90mGET http://www.qhdjrfw.com/checkip.aspx [33m404 [90m3ms[0m
[90mGET http://www.data321.com/checkip.aspx [33m404 [90m3ms[0m
[90mGET http://www.atmji.com/checkip.aspx [33m404 [90m1ms[0m
[90mGET http://www.atmji.com/checkip.aspx [33m404 [90m2ms[0m
[90mGET http://www.atmji.com/checkip.aspx [33m404 [90m35ms[0m
[90mGET http://www.data321.com/checkip.aspx [33m404 [90m2ms[0m
[90mGET http://www.qhdjrfw.com/checkip.aspx [33m404 [90m2ms[0m
[90mGET http://www.atmji.com/checkip.aspx [33m404 [90m2ms[0m
[90mGET http://www.data321.com/checkip.aspx [33m404 [90m2ms[0m
[90mGET http://www.data321.com/checkip.aspx [33m404 [90m2ms[0m
[90mGET http://www.qhdjrfw.com/checkip.aspx [33m404 [90m2ms[0m
[90mGET http://www.atmji.com/checkip.aspx [33m404 [90m3ms[0m
[90mGET http://www.qhdjrfw.com/checkip.aspx [33m404 [90m3ms[0m
[90mGET http://www.qhdjrfw.com/checkip.aspx [33m404 [90m2ms[0m
[90mGET http://www.atmji.com/checkip.aspx [33m404 [90m1ms[0m
[90mGET http://www.atmji.com/checkip.aspx [33m404 [90m3ms[0m
[90mGET http://www.qhdjrfw.com/checkip.aspx [33m404 [90m3ms[0m
[90mGET http://www.data321.com/checkip.aspx [33m404 [90m3ms[0m
[90mGET http://www.atmji.com/checkip.aspx [33m404 [90m2ms[0m
[90mGET http://www.atmji.com/checkip.aspx [33m404 [90m3ms[0m
[90mGET http://www.data321.com/checkip.aspx [33m404 [90m2ms[0m
[90mGET http://www.data321.com/checkip.aspx [33m404 [90m2ms[0m
[90mGET http://www.atmji.com/checkip.aspx [33m404 [90m2ms[0m
[90mGET http://www.qhdjrfw.com/checkip.aspx [33m404 [90m2ms[0m
[90mGET http://www.qhdjrfw.com/checkip.aspx [33m404 [90m3ms[0m
[90mGET / [32m200 [90m3ms - 889b[0m
[90mGET /css/common.css [32m200 [90m6ms - 1.89kb[0m
[90mGET /scripts/sea-modules/seajs/seajs/2.2.1/sea-debug.js [32m200 [90m7ms - 20.2kb[0m
[90mGET /scripts/sea-modules/seajs/seajs-text/1.0.2/seajs-text.js [32m200 [90m7ms - 1.96kb[0m
[90mGET /scripts/sea-modules/gallery/bootstrap/3.0.0/bootstrap.css [32m200 [90m18ms - 94.58kb[0m
[90mGET /scripts/common/sea-config.js [32m200 [90m6ms - 626b[0m
[90mGET /scripts/common/main.js [32m200 [90m4ms - 1.49kb[0m
[90mGET /scripts/sea-modules/gallery/bootstrap/3.0.0/bootstrap.js [32m200 [90m6ms - 26.89kb[0m
[90mGET /scripts/sea-modules/jquery/jquery/1.9.1/jquery.js [32m200 [90m18ms - 90.49kb[0m
[90mGET /scripts/sea-modules/gallery/backbone/1.1.2/backbone-debug.js [32m200 [90m177ms - 71.94kb[0m
[90mGET /scripts/sea-modules/gallery/underscore/1.6.0/underscore-debug.js [32m200 [90m4ms - 53.08kb[0m
[90mGET /scripts/modules/index/src/index.js [32m200 [90m3ms - 773b[0m
[90mGET /scripts/modules/carousel/src/carousel.js [32m200 [90m9ms - 1.12kb[0m
[90mGET /scripts/modules/nav/src/nav.js [32m200 [90m8ms - 1.26kb[0m
[90mGET /scripts/modules/ioption/src/ioption.js [32m200 [90m8ms - 529b[0m
[90mGET /scripts/modules/iplist/src/iplist.js [32m200 [90m9ms - 1kb[0m
[90mGET /views/iplist.tpl [32m200 [90m6ms - 449b[0m
[90mGET /views/carousel.tpl [32m200 [90m5ms - 744b[0m
[90mGET /views/ioption.tpl [32m200 [90m6ms - 222b[0m
[90mGET /views/nav.tpl [32m200 [90m5ms - 883b[0m
INFO pool mongoPool - dispense() clients=1 available=0
VERBOSE pool mongoPool - createResource() - creating obj - count=1 min=0 max=100
INFO pool mongoPool - dispense() clients=2 available=0
VERBOSE pool mongoPool - createResource() - creating obj - count=2 min=0 max=100
INFO pool mongoPool - dispense() clients=3 available=0
VERBOSE pool mongoPool - createResource() - creating obj - count=3 min=0 max=100
VERBOSE pool mongoPool - timeout: 1403692829467
INFO pool mongoPool - dispense() clients=2 available=1
VERBOSE pool mongoPool - dispense() - reusing obj
[90mGET /data/plist/getRec [32m200 [90m19ms - 3.3kb[0m
VERBOSE pool mongoPool - timeout: 1403692829472
INFO pool mongoPool - dispense() clients=1 available=1
VERBOSE pool mongoPool - dispense() - reusing obj
[90mGET /data/carousel [32m200 [90m16ms - 259b[0m
VERBOSE pool mongoPool - timeout: 1403692829490
INFO pool mongoPool - dispense() clients=0 available=1
[90mGET /data/nav [32m200 [90m32ms - 325b[0m
[90mGET /scripts/sea-modules/gallery/bootstrap/3.0.0/fonts/glyphicons-halflings-regular.woff [32m200 [90m27ms - 0b[0m
VERBOSE pool mongoPool - timeout: 1403692829497
INFO pool mongoPool - dispense() clients=0 available=2
VERBOSE pool mongoPool - timeout: 1403692829497
INFO pool mongoPool - dispense() clients=0 available=3
[90mGET /images/pimg.jpg [32m200 [90m2ms - 8.93kb[0m
[90mGET /images/pp2.jpg [32m200 [90m6ms - 58.87kb[0m
[90mGET /images/pp3.jpg [32m200 [90m6ms - 47.38kb[0m
[90mGET /images/pp1.jpg [32m200 [90m5ms - 52.4kb[0m
[90mGET /images/logo.png [32m200 [90m2ms - 2.82kb[0m
[90mGET /scripts/sea-modules/gallery/bootstrap/3.0.0/fonts/glyphicons-halflings-regular.ttf [32m200 [90m2ms - 0b[0m
[90mGET /scripts/sea-modules/gallery/bootstrap/3.0.0/fonts/glyphicons-halflings-regular.svg [32m200 [90m3ms - 61.38kb[0m
VERBOSE pool mongoPool - availableObjects.length=3
VERBOSE pool mongoPool - availableObjects.length=3
VERBOSE pool mongoPool - availableObjects.length=3
[90mHEAD / [32m200 [90m2ms - 889b[0m
[90mHEAD / [32m200 [90m3ms - 889b[0m
VERBOSE pool mongoPool - removeIdle() destroying obj - now:1403692830470 timeout:1403692829490
VERBOSE pool mongoPool - removeIdle() destroying obj - now:1403692830470 timeout:1403692829497
VERBOSE pool mongoPool - removeIdle() destroying obj - now:1403692830470 timeout:1403692829497
VERBOSE pool mongoPool - removeIdle() all objects removed
